2025-12-01 01:51:31,808 - INFO - Symbol universe updated. Processed 6806 symbols. Database changes: 33
2025-12-01 02:02:33,742 - ERROR - No Time Series (Daily) for ALT. Response keys: []
2025-12-01 02:02:33,742 - ERROR - Failed to update ALT: 'Time Series (Daily)' missing for ALT
2025-12-01 02:02:36,096 - ERROR - No Time Series (Daily) for AMBC. Response keys: ['Error Message']
2025-12-01 02:02:36,096 - ERROR - Failed to update AMBC: 'Time Series (Daily)' missing for AMBC
2025-12-01 02:04:50,437 - ERROR - No Time Series (Daily) for BCPA. Response keys: ['Error Message']
2025-12-01 02:04:50,437 - ERROR - Failed to update BCPA: 'Time Series (Daily)' missing for BCPA
2025-12-01 02:04:50,597 - ERROR - No Time Series (Daily) for BCPB. Response keys: ['Error Message']
2025-12-01 02:04:50,597 - ERROR - Failed to update BCPB: 'Time Series (Daily)' missing for BCPB
2025-12-01 02:15:34,604 - ERROR - No Time Series (Daily) for FGIWW. Response keys: []
2025-12-01 02:15:34,604 - ERROR - Failed to update FGIWW: 'Time Series (Daily)' missing for FGIWW
2025-12-01 02:25:45,367 - ERROR - No Time Series (Daily) for MESA. Response keys: ['Error Message']
2025-12-01 02:25:45,367 - ERROR - Failed to update MESA: 'Time Series (Daily)' missing for MESA
2025-12-01 02:29:40,278 - ERROR - No Time Series (Daily) for NXT(EXP20091224). Response keys: ['Error Message']
2025-12-01 02:29:40,278 - ERROR - Failed to update NXT(EXP20091224): 'Time Series (Daily)' missing for NXT(EXP20091224)
2025-12-01 02:30:38,222 - ERROR - No Time Series (Daily) for OPT. Response keys: ['Error Message']
2025-12-01 02:30:38,223 - ERROR - Failed to update OPT: 'Time Series (Daily)' missing for OPT
2025-12-01 22:14:32,468 - ERROR - No Time Series (Daily) for AMBC. Response keys: ['Error Message']
2025-12-01 22:14:32,468 - ERROR - Failed to update AMBC: 'Time Series (Daily)' missing for AMBC
2025-12-01 22:16:28,976 - ERROR - No Time Series (Daily) for AUBN. Response keys: []
2025-12-01 22:16:28,976 - ERROR - Failed to update AUBN: 'Time Series (Daily)' missing for AUBN
2025-12-01 22:16:56,645 - ERROR - No Time Series (Daily) for BCPA. Response keys: ['Error Message']
2025-12-01 22:16:56,646 - ERROR - Failed to update BCPA: 'Time Series (Daily)' missing for BCPA
2025-12-01 22:16:56,799 - ERROR - No Time Series (Daily) for BCPB. Response keys: ['Error Message']
2025-12-01 22:16:56,799 - ERROR - Failed to update BCPB: 'Time Series (Daily)' missing for BCPB
2025-12-01 22:33:30,573 - ERROR - No Time Series (Daily) for INZY. Response keys: []
2025-12-01 22:33:30,573 - ERROR - Failed to update INZY: 'Time Series (Daily)' missing for INZY
2025-12-01 22:37:52,133 - ERROR - No Time Series (Daily) for MESA. Response keys: ['Error Message']
2025-12-01 22:37:52,134 - ERROR - Failed to update MESA: 'Time Series (Daily)' missing for MESA
2025-12-01 22:41:46,468 - ERROR - No Time Series (Daily) for NXT(EXP20091224). Response keys: ['Error Message']
2025-12-01 22:41:46,469 - ERROR - Failed to update NXT(EXP20091224): 'Time Series (Daily)' missing for NXT(EXP20091224)
2025-12-01 22:42:38,200 - ERROR - No Time Series (Daily) for OPT. Response keys: ['Error Message']
2025-12-01 22:42:38,200 - ERROR - Failed to update OPT: 'Time Series (Daily)' missing for OPT
2025-12-01 22:56:34,192 - ERROR - No Time Series (Daily) for WSBF. Response keys: []
2025-12-01 22:56:34,193 - ERROR - Failed to update WSBF: 'Time Series (Daily)' missing for WSBF
2025-12-02 11:10:24,197 - ERROR - No Time Series (Daily) for AMBC. Response keys: ['Error Message']
2025-12-02 11:10:24,198 - ERROR - Failed to update AMBC: 'Time Series (Daily)' missing for AMBC
2025-12-02 11:12:45,656 - ERROR - No Time Series (Daily) for BCPA. Response keys: ['Error Message']
2025-12-02 11:12:45,657 - ERROR - Failed to update BCPA: 'Time Series (Daily)' missing for BCPA
2025-12-02 11:12:45,794 - ERROR - No Time Series (Daily) for BCPB. Response keys: ['Error Message']
2025-12-02 11:12:45,794 - ERROR - Failed to update BCPB: 'Time Series (Daily)' missing for BCPB
2026-01-03 23:01:13,174 - ERROR - No overview data for AAPGV. Response: {}
2026-01-03 23:01:20,521 - ERROR - No overview data for ABI. Response: {}
2026-01-03 23:01:21,571 - ERROR - No overview data for ABLLW. Response: {}
2026-01-03 23:01:24,529 - ERROR - No overview data for ABNG. Response: {}
2026-01-03 23:01:27,055 - ERROR - No overview data for ABST. Response: {}
2026-01-03 23:01:36,068 - ERROR - No overview data for ACEP. Response: {}
2026-01-03 23:01:38,633 - ERROR - No overview data for ACHL. Response: {}
2026-01-03 23:01:42,591 - ERROR - No overview data for ACLO. Response: {}
2026-01-03 23:01:50,433 - ERROR - No overview data for ACST. Response: {}
2026-01-03 23:01:55,531 - ERROR - No overview data for ADAL. Response: {}
2026-01-03 23:01:56,030 - ERROR - No overview data for ADALU. Response: {}
2026-01-03 23:01:56,536 - ERROR - No overview data for ADALW. Response: {}
2026-01-03 23:02:07,605 - ERROR - No overview data for ADOCR. Response: {}
2026-01-03 23:02:15,382 - ERROR - No overview data for AEBIV. Response: {}
2026-01-03 23:02:24,737 - ERROR - No overview data for AEPPZ. Response: {}
2026-01-03 23:02:33,267 - ERROR - No overview data for AFGD. Response: {}
2026-01-03 23:02:36,271 - ERROR - No overview data for AFMD. Response: {}
2026-01-03 23:02:38,915 - ERROR - No overview data for AFSC. Response: {}
2026-01-03 23:02:42,168 - ERROR - No overview data for AGFS. Response: {}
2026-01-03 23:02:50,955 - ERROR - No overview data for AGTC. Response: {}
2026-01-03 23:02:55,450 - ERROR - No overview data for AHRNU. Response: {}
2026-01-03 23:02:56,983 - ERROR - No overview data for AIFE. Response: {}
2026-01-03 23:02:57,440 - ERROR - No overview data for AIFER. Response: {}
2026-01-03 23:03:03,188 - ERROR - No overview data for AILE. Response: {}
2026-01-03 23:03:06,198 - ERROR - No overview data for AIO. Response: {}
2026-01-03 23:03:17,965 - ERROR - No overview data for AJXA. Response: {}
2026-01-03 23:03:22,284 - ERROR - No overview data for AKUS. Response: {}
2026-01-03 23:03:22,774 - ERROR - No overview data for AKYA. Response: {}
2026-01-03 23:03:40,748 - ERROR - No overview data for ALKSV. Response: {}
2026-01-03 23:03:46,454 - ERROR - No overview data for ALOR. Response: {}
2026-01-03 23:03:46,959 - ERROR - No overview data for ALORU. Response: {}
2026-01-03 23:03:47,463 - ERROR - No overview data for ALORW. Response: {}
2026-01-03 23:03:51,962 - ERROR - No overview data for ALTIW. Response: {}
2026-01-03 23:03:58,738 - ERROR - No overview data for AMAO. Response: {}
2026-01-03 23:03:59,232 - ERROR - No overview data for AMAOW. Response: {}
2026-01-03 23:04:00,723 - ERROR - No overview data for AMBP. Response: {}
2026-01-03 23:04:05,439 - ERROR - No overview data for AMEH. Response: {}
2026-01-03 23:04:06,927 - ERROR - No overview data for AMH. Response: {}
2026-01-03 23:04:15,438 - ERROR - No overview data for AMRS. Response: {}
2026-01-03 23:04:23,988 - ERROR - No overview data for AMYY. Response: {}
2026-01-03 23:04:29,725 - ERROR - No overview data for ANGIV. Response: {}
2026-01-03 23:04:37,916 - ERROR - No overview data for ANSS. Response: {}
2026-01-03 23:04:38,918 - ERROR - No overview data for ANTE. Response: {}
2026-01-03 23:04:51,221 - ERROR - No overview data for APEI. Response: {}
2026-01-03 23:04:52,236 - ERROR - No overview data for APGB. Response: {}
2026-01-03 23:04:54,227 - ERROR - No overview data for APLD. Response: {}
2026-01-03 23:04:55,725 - ERROR - No overview data for APLMW. Response: {}
2026-01-03 23:04:57,227 - ERROR - No overview data for APM. Response: {}
2026-01-03 23:04:57,737 - ERROR - No overview data for APMIU. Response: {}
2026-01-03 23:05:02,715 - ERROR - No overview data for APRN. Response: {}
2026-01-03 23:05:08,836 - ERROR - No overview data for AQNA. Response: {}
2026-01-03 23:05:13,667 - ERROR - No overview data for ARBGU. Response: {}
2026-01-03 23:05:16,163 - ERROR - No overview data for ARCK. Response: {}
2026-01-03 23:05:16,660 - ERROR - No overview data for ARCKU. Response: {}
2026-01-03 23:05:17,155 - ERROR - No overview data for ARCKW. Response: {}
2026-01-03 23:05:23,160 - ERROR - No overview data for ARGO. Response: {}
2026-01-03 23:05:23,654 - ERROR - No overview data for ARGU. Response: {}
2026-01-03 23:05:24,152 - ERROR - No overview data for ARGUU. Response: {}
2026-01-03 23:05:24,658 - ERROR - No overview data for ARGUW. Response: {}
2026-01-03 23:05:34,411 - ERROR - No overview data for ARTE. Response: {}
2026-01-03 23:05:34,908 - ERROR - No overview data for ARTEU. Response: {}
2026-01-03 23:05:44,616 - ERROR - No overview data for ASGI. Response: {}
2026-01-03 23:05:56,053 - ERROR - No overview data for ASRV. Response: {}
2026-01-03 23:06:03,277 - ERROR - No overview data for ATCOL. Response: {}
2026-01-03 23:06:09,952 - ERROR - No overview data for ATIF. Response: {}
2026-01-03 23:06:31,370 - ERROR - No overview data for AURC. Response: {}
2026-01-03 23:06:35,288 - ERROR - No overview data for AVACU. Response: {}
2026-01-03 23:06:43,790 - ERROR - No overview data for AVRO. Response: {}
2026-01-03 23:06:48,792 - ERROR - No overview data for AWRE. Response: {}
2026-01-03 23:06:54,679 - ERROR - No overview data for AXNX. Response: {}
2026-01-03 23:07:02,607 - ERROR - No overview data for AZYY. Response: {}
2026-01-03 23:07:12,152 - ERROR - No overview data for BALQ. Response: {}
2026-01-03 23:07:28,193 - ERROR - No overview data for BBLN. Response: {}
2026-01-03 23:07:34,127 - ERROR - No overview data for BBYY. Response: {}
2026-01-03 23:07:41,130 - ERROR - No overview data for BCGD. Response: {}
2026-01-03 23:07:43,710 - ERROR - No overview data for BCPB. Response: {}
2026-01-03 23:07:46,627 - ERROR - No overview data for BCSM. Response: {}
2026-01-03 23:08:01,710 - ERROR - No overview data for BEG. Response: {}
2026-01-03 23:08:14,585 - ERROR - No overview data for BFX. Response: {}
2026-01-03 23:08:19,085 - ERROR - No overview data for BGRY. Response: {}
2026-01-03 23:08:19,589 - ERROR - No overview data for BGRYW. Response: {}
2026-01-03 23:08:29,853 - ERROR - No overview data for BIDG. Response: {}
2026-01-03 23:08:34,258 - ERROR - No overview data for BIOSU. Response: {}
2026-01-03 23:08:54,206 - ERROR - No overview data for BLDE. Response: {}
2026-01-03 23:08:54,704 - ERROR - No overview data for BLDEW. Response: {}
2026-01-03 23:09:10,006 - ERROR - No overview data for BMAQU. Response: {}
2026-01-03 23:09:14,020 - ERROR - No overview data for BMN. Response: {}
2026-01-03 23:09:20,838 - ERROR - No overview data for BNDP. Response: {}
2026-01-03 23:09:27,403 - ERROR - No overview data for BOAC. Response: {}
2026-01-03 23:09:32,363 - ERROR - No overview data for BOLT. Response: {}
2026-01-03 23:09:39,872 - ERROR - No overview data for BPMC. Response: {}
2026-01-03 23:09:48,625 - ERROR - No overview data for BRCE. Response: {}
2026-01-03 23:09:50,170 - ERROR - No overview data for BRIE. Response: {}
2026-01-03 23:09:50,726 - ERROR - No overview data for BRKD. Response: {}
2026-01-03 23:09:51,748 - ERROR - No overview data for BRKU. Response: {}
2026-01-03 23:09:51,806 - ERROR - No overview data for BRLI. Response: {}
2026-01-03 23:09:52,311 - ERROR - No overview data for BRLIR. Response: {}
2026-01-03 23:09:52,812 - ERROR - No overview data for BRLIU. Response: {}
2026-01-03 23:09:53,312 - ERROR - No overview data for BRLIW. Response: {}
2026-01-03 23:10:00,871 - ERROR - No overview data for BRW. Response: {}
2026-01-03 23:10:14,941 - ERROR - No overview data for BTM. Response: {}
2026-01-03 23:10:20,448 - ERROR - No overview data for BU. Response: {}
2026-01-03 23:10:21,454 - ERROR - No overview data for BUJA. Response: {}
2026-01-03 23:10:22,947 - ERROR - No overview data for BULLZ. Response: {}
2026-01-03 23:10:24,945 - ERROR - No overview data for BUSEP. Response: {}
2026-01-03 23:10:30,458 - ERROR - No overview data for BWCAU. Response: {}
2026-01-03 23:10:52,995 - ERROR - No overview data for CAIQ. Response: {}
2026-01-03 23:11:20,474 - ERROR - No overview data for CCAIU. Response: {}
2026-01-03 23:11:23,468 - ERROR - No overview data for CCCM. Response: {}
2026-01-03 23:11:23,970 - ERROR - No overview data for CCCMW. Response: {}
2026-01-03 23:11:30,473 - ERROR - No overview data for CCIR. Response: {}
2026-01-03 23:11:30,972 - ERROR - No overview data for CCIRW. Response: {}
2026-01-03 23:11:37,969 - ERROR - No overview data for CCRN. Response: {}
2026-01-03 23:11:40,468 - ERROR - No overview data for CCV. Response: {}
2026-01-03 23:11:44,996 - ERROR - No overview data for CDMO. Response: {}
2026-01-03 23:12:04,498 - ERROR - No overview data for CFB. Response: {}
2026-01-03 23:12:07,487 - ERROR - No overview data for CFMS. Response: {}
2026-01-03 23:12:25,020 - ERROR - No overview data for CHEK. Response: {}
2026-01-03 23:12:40,427 - ERROR - No overview data for CIFG. Response: {}
2026-01-03 23:12:42,995 - ERROR - No overview data for CIH. Response: {}
2026-01-03 23:12:43,500 - ERROR - No overview data for CIIGU. Response: {}
2026-01-03 23:12:47,996 - ERROR - No overview data for CIO. Response: {}
2026-01-03 23:12:50,003 - ERROR - No overview data for CISSV. Response: {}
2026-01-03 23:12:53,495 - ERROR - No overview data for CLBK. Response: {}
2026-01-03 23:12:54,002 - ERROR - No overview data for CLBR. Response: {}
2026-01-03 23:12:54,997 - ERROR - No overview data for CLCO. Response: {}
2026-01-03 23:12:57,993 - ERROR - No overview data for CLH. Response: {}
2026-01-03 23:12:59,017 - ERROR - No overview data for CLINW. Response: {}
2026-01-03 23:13:08,023 - ERROR - No overview data for CLVS. Response: {}
2026-01-03 23:13:10,516 - ERROR - No overview data for CLXT. Response: {}
2026-01-03 23:13:18,481 - ERROR - No overview data for CMGG. Response: {}
2026-01-03 23:13:24,034 - ERROR - No overview data for CMRX. Response: {}
2026-01-03 23:13:31,539 - ERROR - No overview data for CNFRL. Response: {}
2026-01-03 23:13:33,540 - ERROR - No overview data for CNM. Response: {}
2026-01-03 23:13:38,542 - ERROR - No overview data for CNSP. Response: {}
2026-01-03 23:13:48,547 - ERROR - No overview data for COGT. Response: {}
2026-01-03 23:13:56,493 - ERROR - No overview data for CONX. Response: {}
2026-01-03 23:14:03,555 - ERROR - No overview data for COWNL. Response: {}
2026-01-03 23:14:05,555 - ERROR - No overview data for CPAA. Response: {}
2026-01-03 23:14:06,059 - ERROR - No overview data for CPAAU. Response: {}
2026-01-03 23:14:06,550 - ERROR - No overview data for CPAAW. Response: {}
2026-01-03 23:14:07,580 - ERROR - No overview data for CPARU. Response: {}
2026-01-03 23:14:11,560 - ERROR - No overview data for CPLP. Response: {}
2026-01-03 23:14:16,564 - ERROR - No overview data for CPTK. Response: {}
2026-01-03 23:14:32,085 - ERROR - No overview data for CRGX. Response: {}
2026-01-03 23:14:50,590 - ERROR - No overview data for CSLMF. Response: {}
2026-01-03 23:14:52,096 - ERROR - No overview data for CSTA. Response: {}
2026-01-03 23:14:57,577 - ERROR - No overview data for CTCXW. Response: {}
2026-01-03 23:15:05,585 - ERROR - No overview data for CTRMV. Response: {}
2026-01-03 23:15:22,134 - ERROR - No overview data for CVII. Response: {}
2026-01-03 23:15:22,580 - ERROR - No overview data for CVIIU. Response: {}
2026-01-03 23:15:23,094 - ERROR - No overview data for CVIIW. Response: {}
2026-01-03 23:15:40,585 - ERROR - No overview data for CYTK. Response: {}
2026-01-03 23:15:46,589 - ERROR - No overview data for DAIO. Response: {}
2026-01-03 23:15:48,092 - ERROR - No overview data for DALN. Response: {}
2026-01-03 23:15:56,039 - ERROR - No overview data for DBSC. Response: {}
2026-01-03 23:15:56,104 - ERROR - No overview data for DBTX. Response: {}
2026-01-03 23:16:01,134 - ERROR - No overview data for DCPH. Response: {}
2026-01-03 23:16:11,115 - ERROR - No overview data for DESP. Response: {}
2026-01-03 23:16:13,099 - ERROR - No overview data for DFFN. Response: {}
2026-01-03 23:16:17,382 - ERROR - No overview data for DGHI. Response: {}
2026-01-03 23:16:19,906 - ERROR - No overview data for DGNU. Response: {}
2026-01-03 23:16:22,871 - ERROR - No overview data for DHCA. Response: {}
2026-01-03 23:16:27,377 - ERROR - No overview data for DICE. Response: {}
2026-01-03 23:16:29,874 - ERROR - No overview data for DISTU. Response: {}
2026-01-03 23:16:34,882 - ERROR - No overview data for DLCAU. Response: {}
2026-01-03 23:16:40,343 - ERROR - No overview data for DLY. Response: {}
2026-01-03 23:16:40,404 - ERROR - No overview data for DM. Response: {}
2026-01-03 23:16:41,334 - ERROR - No overview data for DMA. Response: {}
2026-01-03 23:16:47,345 - ERROR - No overview data for DNAB. Response: {}
2026-01-03 23:16:47,849 - ERROR - No overview data for DNAD. Response: {}
2026-01-03 23:17:05,809 - ERROR - No overview data for DRMA. Response: {}
2026-01-03 23:17:11,528 - ERROR - No overview data for DSKE. Response: {}
2026-01-03 23:17:23,666 - ERROR - No overview data for DUET. Response: {}
2026-01-03 23:17:24,160 - ERROR - No overview data for DUETU. Response: {}
2026-01-03 23:17:24,662 - ERROR - No overview data for DUETW. Response: {}
2026-01-03 23:17:27,140 - ERROR - No overview data for DUOG. Response: {}
2026-01-03 23:17:28,191 - ERROR - No overview data for DV. Response: {}
2026-01-03 23:17:31,166 - ERROR - No overview data for DVXE. Response: {}
2026-01-03 23:17:39,249 - ERROR - No overview data for DYNX. Response: {}
2026-01-03 23:17:39,720 - ERROR - No overview data for DYNXW. Response: {}
2026-01-03 23:17:45,188 - ERROR - No overview data for EASY. Response: {}
2026-01-03 23:17:49,255 - ERROR - No overview data for EBTC. Response: {}
2026-01-03 23:18:19,092 - ERROR - No overview data for EHLDV. Response: {}
2026-01-03 23:18:37,098 - ERROR - No overview data for EMBK. Response: {}
2026-01-03 23:18:37,592 - ERROR - No overview data for EMBKW. Response: {}
2026-01-03 23:18:45,092 - ERROR - No overview data for ENJ. Response: {}
2026-01-03 23:18:51,598 - ERROR - No overview data for ENTXW. Response: {}
2026-01-03 23:18:53,598 - ERROR - No overview data for EOCW. Response: {}
2026-01-03 23:18:55,593 - ERROR - No overview data for EOSEW. Response: {}
2026-01-03 23:19:10,602 - ERROR - No overview data for ESEAV. Response: {}
2026-01-03 23:19:11,604 - ERROR - No overview data for ESGR. Response: {}
2026-01-03 23:19:53,622 - ERROR - No overview data for FAAS. Response: {}
2026-01-03 23:19:54,141 - ERROR - No overview data for FAASW. Response: {}
2026-01-03 23:19:58,121 - ERROR - No overview data for FARO. Response: {}
2026-01-03 23:19:59,640 - ERROR - No overview data for FATAV. Response: {}
2026-01-03 23:20:01,141 - ERROR - No overview data for FATBV. Response: {}
2026-01-03 23:20:01,695 - ERROR - No overview data for FATBW. Response: {}
2026-01-03 23:20:10,594 - ERROR - No overview data for FBYY. Response: {}
2026-01-03 23:20:34,048 - ERROR - No overview data for FFNW. Response: {}
2026-01-03 23:20:45,044 - ERROR - No overview data for FICV. Response: {}
2026-01-03 23:20:45,545 - ERROR - No overview data for FICVU. Response: {}
2026-01-03 23:20:46,053 - ERROR - No overview data for FICVW. Response: {}
2026-01-03 23:20:58,053 - ERROR - No overview data for FLAC. Response: {}
2026-01-03 23:20:58,551 - ERROR - No overview data for FLACW. Response: {}
2026-01-03 23:20:59,568 - ERROR - No overview data for FLDD. Response: {}
2026-01-03 23:21:02,554 - ERROR - No overview data for FLJ. Response: {}
2026-01-03 23:21:20,056 - ERROR - No overview data for FNWD. Response: {}
2026-01-03 23:21:31,072 - ERROR - No overview data for FRBN. Response: {}
2026-01-03 23:21:31,564 - ERROR - No overview data for FRBNU. Response: {}
2026-01-03 23:21:32,067 - ERROR - No overview data for FRBNW. Response: {}
2026-01-03 23:21:33,069 - ERROR - No overview data for FREQ. Response: {}
2026-01-03 23:21:33,561 - ERROR - No overview data for FRES. Response: {}
2026-01-03 23:21:34,068 - ERROR - No overview data for FRGAP. Response: {}
2026-01-03 23:21:36,068 - ERROR - No overview data for FRLA. Response: {}
2026-01-03 23:21:36,565 - ERROR - No overview data for FRLAU. Response: {}
2026-01-03 23:21:37,077 - ERROR - No overview data for FRLAW. Response: {}
2026-01-03 23:21:41,086 - ERROR - No overview data for FRRSF. Response: {}
2026-01-03 23:21:52,075 - ERROR - No overview data for FTAA. Response: {}
2026-01-03 23:21:52,585 - ERROR - No overview data for FTAAW. Response: {}
2026-01-03 23:22:00,096 - ERROR - No overview data for FTPAW. Response: {}
2026-01-03 23:22:02,585 - ERROR - No overview data for FTWU. Response: {}
2026-01-03 23:22:03,077 - ERROR - No overview data for FTWWS. Response: {}
2026-01-03 23:22:15,369 - ERROR - No overview data for FWP. Response: {}
2026-01-03 23:22:16,866 - ERROR - No overview data for FXCO. Response: {}
2026-01-03 23:22:17,367 - ERROR - No overview data for FXCOR. Response: {}
2026-01-03 23:22:17,865 - ERROR - No overview data for FXCOW. Response: {}
2026-01-03 23:22:28,372 - ERROR - No overview data for GBBKW. Response: {}
2026-01-03 23:22:31,368 - ERROR - No overview data for GBRG. Response: {}
2026-01-03 23:22:34,872 - ERROR - No overview data for GCMGW. Response: {}
2026-01-03 23:22:37,371 - ERROR - No overview data for GCTSW. Response: {}
2026-01-03 23:22:50,867 - ERROR - No overview data for GEHCV. Response: {}
2026-01-03 23:22:54,375 - ERROR - No overview data for GENQU. Response: {}
2026-01-03 23:22:57,370 - ERROR - No overview data for GET. Response: {}
2026-01-03 23:22:59,329 - ERROR - No overview data for GEVG. Response: {}
2026-01-03 23:23:09,958 - ERROR - No overview data for GIACU. Response: {}
2026-01-03 23:23:20,955 - ERROR - No overview data for GIWWW. Response: {}
2026-01-03 23:23:25,964 - ERROR - No overview data for GLBAV. Response: {}
2026-01-03 23:23:26,954 - ERROR - No overview data for GLBKV. Response: {}
2026-01-03 23:23:27,459 - ERROR - No overview data for GLBLW. Response: {}
2026-01-03 23:23:49,189 - ERROR - No overview data for GODN. Response: {}
2026-01-03 23:23:49,696 - ERROR - No overview data for GODNR. Response: {}
2026-01-03 23:23:50,210 - ERROR - No overview data for GODNU. Response: {}
2026-01-03 23:23:50,691 - ERROR - No overview data for GOGL. Response: {}
2026-01-03 23:24:06,853 - ERROR - No overview data for GRAG. Response: {}
2026-01-03 23:24:07,414 - ERROR - No overview data for GRALV. Response: {}
2026-01-03 23:24:09,913 - ERROR - No overview data for GRCL. Response: {}
2026-01-03 23:24:13,413 - ERROR - No overview data for GRIN. Response: {}
2026-01-03 23:24:14,420 - ERROR - No overview data for GRNA. Response: {}
2026-01-03 23:24:14,918 - ERROR - No overview data for GRNAW. Response: {}
2026-01-03 23:24:20,924 - ERROR - No overview data for GRYP. Response: {}
2026-01-03 23:24:23,415 - ERROR - No overview data for GSDWW. Response: {}
2026-01-03 23:24:29,924 - ERROR - No overview data for GSRM. Response: {}
2026-01-03 23:24:30,424 - ERROR - No overview data for GSRMW. Response: {}
2026-01-03 23:24:30,924 - ERROR - No overview data for GSRT. Response: {}
2026-01-03 23:24:31,443 - ERROR - No overview data for GSRTR. Response: {}
2026-01-03 23:24:31,922 - ERROR - No overview data for GSRTU. Response: {}
2026-01-03 23:24:43,931 - ERROR - No overview data for GVCI. Response: {}
2026-01-03 23:24:44,432 - ERROR - No overview data for GVCIU. Response: {}
2026-01-03 23:24:44,939 - ERROR - No overview data for GVCIW. Response: {}
2026-01-03 23:24:52,931 - ERROR - No overview data for HAL. Response: {}
2026-01-03 23:25:02,920 - ERROR - No overview data for HBR. Response: {}
2026-01-03 23:25:15,658 - ERROR - No overview data for HES. Response: {}
2026-01-03 23:25:16,675 - ERROR - No overview data for HEXO. Response: {}
2026-01-03 23:25:20,164 - ERROR - No overview data for HGLB. Response: {}
2026-01-03 23:25:36,228 - ERROR - No overview data for HMAC. Response: {}
2026-01-03 23:25:36,730 - ERROR - No overview data for HMACR. Response: {}
2026-01-03 23:25:37,224 - ERROR - No overview data for HMACU. Response: {}
2026-01-03 23:25:37,737 - ERROR - No overview data for HMACW. Response: {}
2026-01-03 23:25:38,730 - ERROR - No overview data for HMCO. Response: {}
2026-01-03 23:25:39,232 - ERROR - No overview data for HMCOU. Response: {}
2026-01-03 23:25:39,735 - ERROR - No overview data for HMCOW. Response: {}
2026-01-03 23:25:41,224 - ERROR - No overview data for HMST. Response: {}
2026-01-03 23:25:46,213 - ERROR - No overview data for HODU. Response: {}
2026-01-03 23:25:49,772 - ERROR - No overview data for HONDU. Response: {}
2026-01-03 23:25:50,274 - ERROR - No overview data for HONIV. Response: {}
2026-01-03 23:25:51,770 - ERROR - No overview data for HORIU. Response: {}
2026-01-03 23:25:56,268 - ERROR - No overview data for HP. Response: {}
2026-01-03 23:25:58,775 - ERROR - No overview data for HPLT. Response: {}
2026-01-03 23:25:59,304 - ERROR - No overview data for HPLTU. Response: {}
2026-01-03 23:25:59,778 - ERROR - No overview data for HPLTW. Response: {}
2026-01-03 23:26:06,287 - ERROR - No overview data for HRYU. Response: {}
2026-01-03 23:26:10,776 - ERROR - No overview data for HSON. Response: {}
2026-01-03 23:26:14,276 - ERROR - No overview data for HT. Response: {}
2026-01-03 23:26:41,793 - ERROR - No overview data for HYMCL. Response: {}
2026-01-03 23:26:44,515 - ERROR - No overview data for HYZN. Response: {}
2026-01-03 23:26:45,017 - ERROR - No overview data for HYZNW. Response: {}
2026-01-03 23:26:46,514 - ERROR - No overview data for IACVV. Response: {}
2026-01-03 23:26:47,956 - ERROR - No overview data for IALT. Response: {}
2026-01-03 23:26:59,019 - ERROR - No overview data for ICLK. Response: {}
2026-01-03 23:27:05,022 - ERROR - No overview data for IDXX. Response: {}
2026-01-03 23:27:08,960 - ERROR - No overview data for IFLO. Response: {}
2026-01-03 23:27:17,285 - ERROR - No overview data for IIVI. Response: {}
2026-01-03 23:27:20,298 - ERROR - No overview data for ILMNV. Response: {}
2026-01-03 23:27:21,778 - ERROR - No overview data for IMACW. Response: {}
2026-01-03 23:27:29,279 - ERROR - No overview data for IMPPV. Response: {}
2026-01-03 23:27:32,785 - ERROR - No overview data for IMTXW. Response: {}
2026-01-03 23:27:38,776 - ERROR - No overview data for INBXV. Response: {}
2026-01-03 23:27:45,780 - ERROR - No overview data for INKA. Response: {}
2026-01-03 23:27:50,794 - ERROR - No overview data for INPX. Response: {}
2026-01-03 23:27:51,280 - ERROR - No overview data for INPXV. Response: {}
2026-01-03 23:28:02,291 - ERROR - No overview data for INXBV. Response: {}
2026-01-03 23:28:02,808 - ERROR - No overview data for INZY. Response: {}
2026-01-03 23:28:03,293 - ERROR - No overview data for IOBT. Response: {}
2026-01-03 23:28:19,006 - ERROR - No overview data for IPXXU. Response: {}
2026-01-03 23:28:20,002 - ERROR - No overview data for IQMDW. Response: {}
2026-01-03 23:28:23,494 - ERROR - No overview data for IREG. Response: {}
2026-01-03 23:28:26,059 - ERROR - No overview data for IROHR. Response: {}
2026-01-03 23:28:26,550 - ERROR - No overview data for IROHU. Response: {}
2026-01-03 23:28:30,058 - ERROR - No overview data for ISG. Response: {}
2026-01-03 23:28:30,559 - ERROR - No overview data for ISO. Response: {}
2026-01-03 23:28:37,755 - ERROR - No overview data for ITI. Response: {}
2026-01-03 23:28:42,249 - ERROR - No overview data for IVCPU. Response: {}
2026-01-03 23:28:44,763 - ERROR - No overview data for IVR. Response: {}
2026-01-03 23:28:59,268 - ERROR - No overview data for JCICU. Response: {}
2026-01-03 23:29:06,767 - ERROR - No overview data for JHAA. Response: {}
2026-01-03 23:29:08,263 - ERROR - No overview data for JILL. Response: {}
2026-01-03 23:29:11,768 - ERROR - No overview data for JMACU. Response: {}
2026-01-03 23:29:13,773 - ERROR - No overview data for JNPR. Response: {}
2026-01-03 23:29:20,352 - ERROR - No overview data for JUGG. Response: {}
2026-01-03 23:29:20,844 - ERROR - No overview data for JUGGU. Response: {}
2026-01-03 23:29:21,338 - ERROR - No overview data for JUGGW. Response: {}
2026-01-03 23:29:23,100 - ERROR - No overview data for JVSA. Response: {}
2026-01-03 23:29:23,608 - ERROR - No overview data for JVSAR. Response: {}
2026-01-03 23:29:24,101 - ERROR - No overview data for JVSAU. Response: {}
2026-01-03 23:29:24,605 - ERROR - No overview data for JW. Response: {}
2026-01-03 23:29:33,417 - ERROR - No overview data for KBDU. Response: {}
2026-01-03 23:29:39,399 - ERROR - No overview data for KDNY. Response: {}
2026-01-03 23:29:54,698 - ERROR - No overview data for KIRK. Response: {}
2026-01-03 23:29:59,176 - ERROR - No overview data for KLAG. Response: {}
2026-01-03 23:30:00,452 - ERROR - No overview data for KLG. Response: {}
2026-01-03 23:30:24,910 - ERROR - No overview data for KREF. Response: {}
2026-01-03 23:30:28,926 - ERROR - No overview data for KRON. Response: {}
2026-01-03 23:30:43,232 - ERROR - No overview data for KWE. Response: {}
2026-01-03 23:30:43,743 - ERROR - No overview data for KWESW. Response: {}
2026-01-03 23:30:51,771 - ERROR - No overview data for LACG. Response: {}
2026-01-03 23:30:53,332 - ERROR - No overview data for LAESV. Response: {}
2026-01-03 23:31:07,211 - ERROR - No overview data for LBBB. Response: {}
2026-01-03 23:31:07,717 - ERROR - No overview data for LBBBR. Response: {}
2026-01-03 23:31:08,219 - ERROR - No overview data for LBBBU. Response: {}
2026-01-03 23:31:08,716 - ERROR - No overview data for LBBBW. Response: {}
2026-01-03 23:31:09,212 - ERROR - No overview data for LBDAV. Response: {}
2026-01-03 23:31:09,718 - ERROR - No overview data for LBDKV. Response: {}
2026-01-03 23:31:10,722 - ERROR - No overview data for LBPH. Response: {}
2026-01-03 23:31:15,634 - ERROR - No overview data for LBYAV. Response: {}
2026-01-03 23:31:16,636 - ERROR - No overview data for LCAA. Response: {}
2026-01-03 23:31:17,140 - ERROR - No overview data for LCAAU. Response: {}
2026-01-03 23:31:17,645 - ERROR - No overview data for LCAAW. Response: {}
2026-01-03 23:31:32,279 - ERROR - No overview data for LFACW. Response: {}
2026-01-03 23:31:37,688 - ERROR - No overview data for LGACU. Response: {}
2026-01-03 23:31:42,190 - ERROR - No overview data for LGVNV. Response: {}
2026-01-03 23:31:43,687 - ERROR - No overview data for LHC. Response: {}
2026-01-03 23:31:49,921 - ERROR - No overview data for LIMN. Response: {}
2026-01-03 23:31:53,892 - ERROR - No overview data for LINT. Response: {}
2026-01-03 23:31:54,450 - ERROR - No overview data for LIONU. Response: {}
2026-01-03 23:31:57,632 - ERROR - No overview data for LITT. Response: {}
2026-01-03 23:31:58,130 - ERROR - No overview data for LITTU. Response: {}
2026-01-03 23:31:58,633 - ERROR - No overview data for LITTW. Response: {}
2026-01-03 23:32:05,429 - ERROR - No overview data for LMACA. Response: {}
2026-01-03 23:32:05,916 - ERROR - No overview data for LMACU. Response: {}
2026-01-03 23:32:06,408 - ERROR - No overview data for LMACW. Response: {}
2026-01-03 23:32:08,948 - ERROR - No overview data for LMNL. Response: {}
2026-01-03 23:32:10,405 - ERROR - No overview data for LMNX. Response: {}
2026-01-03 23:32:37,079 - ERROR - No overview data for LRFC. Response: {}
2026-01-03 23:32:41,076 - ERROR - No overview data for LSEA. Response: {}
2026-01-03 23:32:41,572 - ERROR - No overview data for LSEAW. Response: {}
2026-01-03 23:32:43,097 - ERROR - No overview data for LSPRU. Response: {}
2026-01-03 23:32:46,430 - ERROR - No overview data for LTCC. Response: {}
2026-01-03 23:32:48,501 - ERROR - No overview data for LTRY. Response: {}
2026-01-03 23:32:55,449 - ERROR - No overview data for LVAC. Response: {}
2026-01-03 23:32:55,962 - ERROR - No overview data for LVACW. Response: {}
2026-01-03 23:33:16,432 - ERROR - No overview data for MACK. Response: {}
2026-01-03 23:33:38,592 - ERROR - No overview data for MBNKP. Response: {}
2026-01-03 23:33:43,799 - ERROR - No overview data for MCACR. Response: {}
2026-01-03 23:33:44,323 - ERROR - No overview data for MCACU. Response: {}
2026-01-03 23:33:44,804 - ERROR - No overview data for MCACW. Response: {}
2026-01-03 23:34:09,284 - ERROR - No overview data for MDRRP. Response: {}
2026-01-03 23:34:21,440 - ERROR - No overview data for MEKA. Response: {}
2026-01-03 23:34:23,283 - ERROR - No overview data for MEMA. Response: {}
2026-01-03 23:34:24,080 - ERROR - No overview data for MEOA. Response: {}
2026-01-03 23:34:24,586 - ERROR - No overview data for MEOAW. Response: {}
2026-01-03 23:34:29,921 - ERROR - No overview data for METBV. Response: {}
2026-01-03 23:34:32,858 - ERROR - No overview data for METCV. Response: {}
2026-01-03 23:34:39,281 - ERROR - No overview data for MFIC. Response: {}
2026-01-03 23:34:40,268 - ERROR - No overview data for MFIN. Response: {}
2026-01-03 23:34:40,855 - ERROR - No overview data for MG. Response: {}
2026-01-03 23:34:41,337 - ERROR - No overview data for MGA. Response: {}
2026-01-03 23:34:41,904 - ERROR - No overview data for MGEE. Response: {}
2026-01-03 23:34:41,959 - ERROR - No overview data for MGI. Response: {}
2026-01-03 23:34:42,870 - ERROR - No overview data for MGIC. Response: {}
2026-01-03 23:34:43,357 - ERROR - No overview data for MGIH. Response: {}
2026-01-03 23:34:43,995 - ERROR - No overview data for MGM. Response: {}
2026-01-03 23:34:44,506 - ERROR - No overview data for MGN. Response: {}
2026-01-03 23:34:45,031 - ERROR - No overview data for MGNI. Response: {}
2026-01-03 23:34:45,572 - ERROR - No overview data for MGNX. Response: {}
2026-01-03 23:34:45,637 - ERROR - No overview data for MGPI. Response: {}
2026-01-03 23:34:46,638 - ERROR - No overview data for MGR. Response: {}
2026-01-03 23:34:47,270 - ERROR - No overview data for MGRB. Response: {}
2026-01-03 23:34:51,432 - ERROR - No overview data for MGTA. Response: {}
2026-01-03 23:35:05,773 - ERROR - No overview data for MINM. Response: {}
2026-01-03 23:35:25,066 - ERROR - No overview data for MLAIU. Response: {}
2026-01-03 23:35:36,887 - ERROR - No overview data for MMID. Response: {}
2026-01-03 23:35:41,162 - ERROR - No overview data for MMTX. Response: {}
2026-01-03 23:35:41,648 - ERROR - No overview data for MMTXU. Response: {}
2026-01-03 23:35:42,192 - ERROR - No overview data for MMTXW. Response: {}
2026-01-03 23:35:42,623 - ERROR - No overview data for MMYT. Response: {}
2026-01-03 23:35:43,142 - ERROR - No overview data for MNDO. Response: {}
2026-01-03 23:35:43,705 - ERROR - No overview data for MNDR. Response: {}
2026-01-03 23:35:44,165 - ERROR - No overview data for MNDY. Response: {}
2026-01-03 23:35:44,760 - ERROR - No overview data for MNKD. Response: {}
2026-01-03 23:35:45,211 - ERROR - No overview data for MNMD. Response: {}
2026-01-03 23:35:45,959 - ERROR - No overview data for MNOV. Response: {}
2026-01-03 23:35:46,430 - ERROR - No overview data for MNPR. Response: {}
2026-01-03 23:35:46,905 - ERROR - No overview data for MNR. Response: {}
2026-01-03 23:35:47,512 - ERROR - No overview data for MNRO. Response: {}
2026-01-03 23:36:06,836 - ERROR - No overview data for MONCU. Response: {}
2026-01-03 23:36:11,902 - ERROR - No overview data for MPACW. Response: {}
2026-01-03 23:36:15,849 - ERROR - No overview data for MPRA. Response: {}
2026-01-03 23:36:16,342 - ERROR - No overview data for MPRAU. Response: {}
2026-01-03 23:36:16,830 - ERROR - No overview data for MPRAW. Response: {}
2026-01-03 23:36:24,988 - ERROR - No overview data for MRIN. Response: {}
2026-01-03 23:36:53,062 - ERROR - No overview data for MTAC. Response: {}
2026-01-03 23:36:56,280 - ERROR - No overview data for MTCR. Response: {}
2026-01-03 23:37:15,385 - ERROR - No overview data for MURFW. Response: {}
2026-01-03 23:37:17,112 - ERROR - No overview data for MUSE. Response: {}
2026-01-03 23:37:37,050 - ERROR - No overview data for NAACU. Response: {}
2026-01-03 23:38:12,012 - ERROR - No overview data for NDAC. Response: {}
2026-01-03 23:38:12,519 - ERROR - No overview data for NDACU. Response: {}
2026-01-03 23:38:13,003 - ERROR - No overview data for NDACW. Response: {}
2026-01-03 23:38:20,798 - ERROR - No overview data for NEHCW. Response: {}
2026-01-03 23:38:42,762 - ERROR - No overview data for NGIO. Response: {}
2026-01-03 23:38:58,418 - ERROR - No overview data for NIOG. Response: {}
2026-01-03 23:39:14,822 - ERROR - No overview data for NMCO. Response: {}
2026-01-03 23:39:32,562 - ERROR - No overview data for NOAC. Response: {}
2026-01-03 23:39:33,072 - ERROR - No overview data for NOACU. Response: {}
2026-01-03 23:39:33,565 - ERROR - No overview data for NOACW. Response: {}
2026-01-03 23:39:46,048 - ERROR - No overview data for NOVV. Response: {}
2026-01-03 23:39:46,574 - ERROR - No overview data for NOVVR. Response: {}
2026-01-03 23:39:47,054 - ERROR - No overview data for NOVVU. Response: {}
2026-01-03 23:39:47,555 - ERROR - No overview data for NOVVW. Response: {}
2026-01-03 23:39:56,505 - ERROR - No overview data for NPT. Response: {}
2026-01-03 23:40:17,048 - ERROR - No overview data for NTBL. Response: {}
2026-01-03 23:40:39,672 - ERROR - No overview data for NUG. Response: {}
2026-01-03 23:40:56,574 - ERROR - No overview data for NVSAU. Response: {}
2026-01-03 23:41:21,475 - ERROR - No overview data for NXT(EXP20091224). Response: {}
2026-01-03 23:41:23,545 - ERROR - No overview data for NXU. Response: {}
2026-01-03 23:41:26,336 - ERROR - No overview data for NYMTH. Response: {}
2026-01-03 23:42:03,359 - ERROR - No overview data for OHPA. Response: {}
2026-01-03 23:42:03,896 - ERROR - No overview data for OHPAU. Response: {}
2026-01-03 23:42:04,353 - ERROR - No overview data for OHPAW. Response: {}
2026-01-03 23:42:09,451 - ERROR - No overview data for OKTG. Response: {}
2026-01-03 23:42:12,748 - ERROR - No overview data for OLK. Response: {}
2026-01-03 23:42:33,451 - ERROR - No overview data for ONCT. Response: {}
2026-01-03 23:42:46,653 - ERROR - No overview data for OPEG. Response: {}
2026-01-03 23:42:53,258 - ERROR - No overview data for OPTN. Response: {}
2026-01-03 23:43:01,811 - ERROR - No overview data for ORCS. Response: {}
2026-01-03 23:43:02,379 - ERROR - No overview data for ORCU. Response: {}
2026-01-03 23:43:27,308 - ERROR - No overview data for OTMO. Response: {}
2026-01-03 23:43:27,810 - ERROR - No overview data for OTMOW. Response: {}
2026-01-03 23:43:29,683 - ERROR - No overview data for OUSTW. Response: {}
2026-01-03 23:43:30,180 - ERROR - No overview data for OUSTZ. Response: {}
2026-01-03 23:43:45,916 - ERROR - No overview data for OXUSU. Response: {}
2026-01-03 23:43:56,994 - ERROR - No overview data for PACWP. Response: {}
2026-01-03 23:43:57,489 - ERROR - No overview data for PACX. Response: {}
2026-01-03 23:43:58,013 - ERROR - No overview data for PACXW. Response: {}
2026-01-03 23:44:07,438 - ERROR - No overview data for PARAP. Response: {}
2026-01-03 23:44:21,013 - ERROR - No overview data for PBEU. Response: {}
2026-01-03 23:44:26,909 - ERROR - No overview data for PBOG. Response: {}
2026-01-03 23:44:27,471 - ERROR - No overview data for PBPH. Response: {}
2026-01-03 23:44:28,803 - ERROR - No overview data for PBRG. Response: {}
2026-01-03 23:44:34,976 - ERROR - No overview data for PCCT. Response: {}
2026-01-03 23:44:35,482 - ERROR - No overview data for PCCTU. Response: {}
2026-01-03 23:44:48,666 - ERROR - No overview data for PDX. Response: {}
2026-01-03 23:44:57,671 - ERROR - No overview data for PEPLW. Response: {}
2026-01-03 23:45:11,684 - ERROR - No overview data for PFXNL. Response: {}
2026-01-03 23:45:27,661 - ERROR - No overview data for PHX. Response: {}
2026-01-03 23:45:34,642 - ERROR - No overview data for PIRS. Response: {}
2026-01-03 23:45:47,193 - ERROR - No overview data for PLMI. Response: {}
2026-01-03 23:45:47,695 - ERROR - No overview data for PLMIU. Response: {}
2026-01-03 23:45:48,252 - ERROR - No overview data for PLMIW. Response: {}
2026-01-03 23:45:56,107 - ERROR - No overview data for PLT. Response: {}
2026-01-03 23:46:23,270 - ERROR - No overview data for PONOU. Response: {}
2026-01-03 23:46:39,499 - ERROR - No overview data for PRDS. Response: {}
2026-01-03 23:46:52,635 - ERROR - No overview data for PRMR. Response: {}
2026-01-03 23:47:17,312 - ERROR - No overview data for PSTX. Response: {}
2026-01-03 23:47:23,008 - ERROR - No overview data for PTHR. Response: {}
2026-01-03 23:47:23,496 - ERROR - No overview data for PTHRW. Response: {}
2026-01-03 23:47:29,100 - ERROR - No overview data for PTWOU. Response: {}
2026-01-03 23:47:39,780 - ERROR - No overview data for PWM. Response: {}
2026-01-03 23:47:42,026 - ERROR - No overview data for PWRD. Response: {}
2026-01-03 23:47:42,587 - ERROR - No overview data for PXDT. Response: {}
2026-01-03 23:47:46,379 - ERROR - No overview data for PYR. Response: {}
2026-01-03 23:47:50,959 - ERROR - No overview data for QBY. Response: {}
2026-01-03 23:48:11,077 - ERROR - No overview data for QTNT. Response: {}
2026-01-03 23:48:28,349 - ERROR - No overview data for RAMMU. Response: {}
2026-01-03 23:48:40,288 - ERROR - No overview data for RBCP. Response: {}
2026-01-03 23:48:42,937 - ERROR - No overview data for RBNEV. Response: {}
2026-01-03 23:48:48,180 - ERROR - No overview data for RCD. Response: {}
2026-01-03 23:48:52,894 - ERROR - No overview data for RCLFU. Response: {}
2026-01-03 23:48:53,404 - ERROR - No overview data for RCM. Response: {}
2026-01-03 23:49:02,659 - ERROR - No overview data for RDFN. Response: {}
2026-01-03 23:49:26,672 - ERROR - No overview data for RENB. Response: {}
2026-01-03 23:49:31,253 - ERROR - No overview data for REUN. Response: {}
2026-01-03 23:49:42,997 - ERROR - No overview data for RFM. Response: {}
2026-01-03 23:49:46,924 - ERROR - No overview data for RGLS. Response: {}
2026-01-03 23:49:53,085 - ERROR - No overview data for RHLDV. Response: {}
2026-01-03 23:50:12,013 - ERROR - No overview data for RKLZ. Response: {}
2026-01-03 23:50:24,441 - ERROR - No overview data for RMI. Response: {}
2026-01-03 23:50:32,083 - ERROR - No overview data for RNERU. Response: {}
2026-01-03 23:50:39,270 - ERROR - No overview data for RNWK. Response: {}
2026-01-03 23:50:42,132 - ERROR - No overview data for ROC. Response: {}
2026-01-03 23:50:42,650 - ERROR - No overview data for ROCAU. Response: {}
2026-01-03 23:50:44,139 - ERROR - No overview data for ROI. Response: {}
2026-01-03 23:50:45,136 - ERROR - No overview data for ROK. Response: {}
2026-01-03 23:50:47,815 - ERROR - No overview data for RONB. Response: {}
2026-01-03 23:51:13,939 - ERROR - No overview data for RVNC. Response: {}
2026-01-03 23:51:25,119 - ERROR - No overview data for RXDX. Response: {}
2026-01-03 23:51:40,376 - ERROR - No overview data for SABRP. Response: {}
2026-01-03 23:51:50,880 - ERROR - No overview data for SAMAU. Response: {}
2026-01-03 23:51:57,325 - ERROR - No overview data for SASI. Response: {}
2026-01-03 23:51:59,161 - ERROR - No overview data for SATG. Response: {}
2026-01-03 23:52:16,654 - ERROR - No overview data for SBU. Response: {}
2026-01-03 23:52:19,655 - ERROR - No overview data for SCAQU. Response: {}
2026-01-03 23:52:27,251 - ERROR - No overview data for SCMA. Response: {}
2026-01-03 23:52:27,756 - ERROR - No overview data for SCMAU. Response: {}
2026-01-03 23:52:28,255 - ERROR - No overview data for SCMAW. Response: {}
2026-01-03 23:52:32,444 - ERROR - No overview data for SCU. Response: {}
2026-01-03 23:52:34,341 - ERROR - No overview data for SCY. Response: {}
2026-01-03 23:52:37,435 - ERROR - No overview data for SDACU. Response: {}
2026-01-03 23:52:42,416 - ERROR - No overview data for SDHY. Response: {}
2026-01-03 23:53:14,288 - ERROR - No overview data for SGBXV. Response: {}
2026-01-03 23:53:15,796 - ERROR - No overview data for SGDVV. Response: {}
2026-01-03 23:53:23,012 - ERROR - No overview data for SGTX. Response: {}
2026-01-03 23:53:24,007 - ERROR - No overview data for SHAK. Response: {}
2026-01-03 23:53:26,304 - ERROR - No overview data for SHCAU. Response: {}
2026-01-03 23:53:32,712 - ERROR - No overview data for SHLT. Response: {}
2026-01-03 23:53:36,264 - ERROR - No overview data for SHOT. Response: {}
2026-01-03 23:53:36,762 - ERROR - No overview data for SHOTW. Response: {}
2026-01-03 23:53:38,495 - ERROR - No overview data for SHYF. Response: {}
2026-01-03 23:53:43,380 - ERROR - No overview data for SIFYR. Response: {}
2026-01-03 23:53:54,662 - ERROR - No overview data for SIX. Response: {}
2026-01-03 23:54:00,145 - ERROR - No overview data for SKK. Response: {}
2026-01-03 23:54:05,032 - ERROR - No overview data for SKYHWS. Response: {}
2026-01-03 23:54:15,353 - ERROR - No overview data for SLGC. Response: {}
2026-01-03 23:54:15,852 - ERROR - No overview data for SLGCW. Response: {}
2026-01-03 23:54:24,091 - ERROR - No overview data for SLRN. Response: {}
2026-01-03 23:54:27,317 - ERROR - No overview data for SLVO. Response: {}
2026-01-03 23:54:27,427 - ERROR - No overview data for SLVRU. Response: {}
2026-01-03 23:54:32,855 - ERROR - No overview data for SMCC. Response: {}
2026-01-03 23:54:45,111 - ERROR - No overview data for SNAG. Response: {}
2026-01-03 23:54:51,048 - ERROR - No overview data for SNDKV. Response: {}
2026-01-03 23:54:59,268 - ERROR - No overview data for SNRE. Response: {}
2026-01-03 23:54:59,770 - ERROR - No overview data for SNREV. Response: {}
2026-01-03 23:55:10,875 - ERROR - No overview data for SOFL. Response: {}
2026-01-03 23:55:20,000 - ERROR - No overview data for SOLC. Response: {}
2026-01-03 23:55:20,063 - ERROR - No overview data for SOLO. Response: {}
2026-01-03 23:55:20,552 - ERROR - No overview data for SOLOW. Response: {}
2026-01-03 23:55:21,786 - ERROR - No overview data for SOLSV. Response: {}
2026-01-03 23:55:34,153 - ERROR - No overview data for SPCT. Response: {}
2026-01-03 23:55:38,984 - ERROR - No overview data for SPHA. Response: {}
2026-01-03 23:55:39,491 - ERROR - No overview data for SPHAR. Response: {}
2026-01-03 23:55:42,449 - ERROR - No overview data for SPKBU. Response: {}
2026-01-03 23:55:47,839 - ERROR - No overview data for SPOG. Response: {}
2026-01-03 23:55:48,903 - ERROR - No overview data for SPPI. Response: {}
2026-01-03 23:55:54,616 - ERROR - No overview data for SPTK. Response: {}
2026-01-03 23:55:55,126 - ERROR - No overview data for SPTKW. Response: {}
2026-01-03 23:56:11,107 - ERROR - No overview data for SRM. Response: {}
2026-01-03 23:56:17,262 - ERROR - No overview data for SSBK. Response: {}
2026-01-03 23:56:28,981 - ERROR - No overview data for STBX. Response: {}
2026-01-03 23:56:35,492 - ERROR - No overview data for STHOV. Response: {}
2026-01-03 23:56:54,992 - ERROR - No overview data for SUNSV. Response: {}
2026-01-03 23:56:57,000 - ERROR - No overview data for SURF. Response: {}
2026-01-03 23:57:04,001 - ERROR - No overview data for SVFAU. Response: {}
2026-01-03 23:57:04,495 - ERROR - No overview data for SVNAU. Response: {}
2026-01-03 23:57:09,495 - ERROR - No overview data for SWET. Response: {}
2026-01-03 23:57:09,994 - ERROR - No overview data for SWETU. Response: {}
2026-01-03 23:57:10,501 - ERROR - No overview data for SWETW. Response: {}
2026-01-03 23:57:11,515 - ERROR - No overview data for SWIN. Response: {}
2026-01-03 23:57:14,007 - ERROR - No overview data for SWTX. Response: {}
2026-01-03 23:57:24,079 - ERROR - No overview data for SYT. Response: {}
2026-01-03 23:57:34,011 - ERROR - No overview data for TANNI. Response: {}
2026-01-03 23:57:34,515 - ERROR - No overview data for TANNL. Response: {}
2026-01-03 23:57:35,008 - ERROR - No overview data for TANNZ. Response: {}
2026-01-03 23:57:42,511 - ERROR - No overview data for TBC. Response: {}
2026-01-03 23:57:47,513 - ERROR - No overview data for TBMCU. Response: {}
2026-01-03 23:57:49,511 - ERROR - No overview data for TBSA. Response: {}
2026-01-03 23:57:50,017 - ERROR - No overview data for TBSAU. Response: {}
2026-01-03 23:57:50,516 - ERROR - No overview data for TBSAW. Response: {}
2026-01-03 23:57:54,522 - ERROR - No overview data for TCDA. Response: {}
2026-01-03 23:57:58,518 - ERROR - No overview data for TCVA. Response: {}
2026-01-03 23:58:17,634 - ERROR - No overview data for TERG. Response: {}
2026-01-03 23:58:18,694 - ERROR - No overview data for TEWS. Response: {}
2026-01-03 23:58:21,918 - ERROR - No overview data for TFINP. Response: {}
2026-01-03 23:58:26,857 - ERROR - No overview data for TGI. Response: {}
2026-01-03 23:58:31,332 - ERROR - No overview data for THACU. Response: {}
2026-01-03 23:58:39,977 - ERROR - No overview data for THRN. Response: {}
2026-01-03 23:59:04,142 - ERROR - No overview data for TMAC. Response: {}
2026-01-03 23:59:06,731 - ERROR - No overview data for TMDI. Response: {}
2026-01-03 23:59:19,863 - ERROR - No overview data for TOACU. Response: {}
2026-01-03 23:59:27,927 - ERROR - No overview data for TOPW. Response: {}
2026-01-03 23:59:29,065 - ERROR - No overview data for TOROV. Response: {}
2026-01-03 23:59:46,517 - ERROR - No overview data for TRIL. Response: {}
2026-01-04 00:00:10,148 - ERROR - No overview data for TSIB. Response: {}
2026-01-04 00:00:10,666 - ERROR - No overview data for TSIBU. Response: {}
2026-01-04 00:00:11,177 - ERROR - No overview data for TSIBW. Response: {}
2026-01-04 00:00:34,990 - ERROR - No overview data for TWCB. Response: {}
2026-01-04 00:00:35,568 - ERROR - No overview data for TWCBU. Response: {}
2026-01-04 00:00:35,996 - ERROR - No overview data for TWCBW. Response: {}
2026-01-04 00:00:38,586 - ERROR - No overview data for TWKS. Response: {}
2026-01-04 00:00:40,519 - ERROR - No overview data for TWNPV. Response: {}
2026-01-04 00:00:59,225 - ERROR - No overview data for UCBI. Response: {}
2026-01-04 00:01:15,010 - ERROR - No overview data for UKOMW. Response: {}
2026-01-04 00:01:20,164 - ERROR - No overview data for ULTI. Response: {}
2026-01-04 00:01:21,221 - ERROR - No overview data for UMBFP. Response: {}
2026-01-04 00:01:23,030 - ERROR - No overview data for UNAMQ. Response: {}
2026-01-04 00:01:36,174 - ERROR - No overview data for UPSG. Response: {}
2026-01-04 00:01:47,765 - ERROR - No overview data for USOI. Response: {}
2026-01-04 00:01:48,376 - ERROR - No overview data for USX. Response: {}
2026-01-04 00:01:48,893 - ERROR - No overview data for UTAA. Response: {}
2026-01-04 00:01:49,378 - ERROR - No overview data for UTAAU. Response: {}
2026-01-04 00:01:52,873 - ERROR - No overview data for UVE. Response: {}
2026-01-04 00:02:03,874 - ERROR - No overview data for VALG. Response: {}
2026-01-04 00:02:09,846 - ERROR - No overview data for VCKAU. Response: {}
2026-01-04 00:02:10,850 - ERROR - No overview data for VCXA. Response: {}
2026-01-04 00:02:11,340 - ERROR - No overview data for VCXAW. Response: {}
2026-01-04 00:02:17,923 - ERROR - No overview data for VERB. Response: {}
2026-01-04 00:02:24,437 - ERROR - No overview data for VGFC. Response: {}
2026-01-04 00:02:36,839 - ERROR - No overview data for VLCN. Response: {}
2026-01-04 00:02:37,364 - ERROR - No overview data for VLDRW. Response: {}
2026-01-04 00:02:40,842 - ERROR - No overview data for VLYPO. Response: {}
2026-01-04 00:02:43,897 - ERROR - No overview data for VMGA. Response: {}
2026-01-04 00:02:44,389 - ERROR - No overview data for VMGAW. Response: {}
2026-01-04 00:02:45,395 - ERROR - No overview data for VMW. Response: {}
2026-01-04 00:02:53,137 - ERROR - No overview data for VOLT. Response: {}
2026-01-04 00:02:59,925 - ERROR - No overview data for VRMMQ. Response: {}
2026-01-04 00:03:02,936 - ERROR - No overview data for VRTL. Response: {}
2026-01-04 00:03:09,432 - ERROR - No overview data for VSOL. Response: {}
2026-01-04 00:03:43,050 - ERROR - No overview data for WDAF. Response: {}
2026-01-04 00:03:44,109 - ERROR - No overview data for WDCVV. Response: {}
2026-01-04 00:03:45,601 - ERROR - No overview data for WDGF. Response: {}
2026-01-04 00:03:49,414 - ERROR - No overview data for WENA. Response: {}
2026-01-04 00:03:49,917 - ERROR - No overview data for WENAW. Response: {}
2026-01-04 00:04:15,710 - ERROR - No overview data for WKEYV. Response: {}
2026-01-04 00:04:29,634 - ERROR - No overview data for WNS. Response: {}
2026-01-04 00:04:59,696 - ERROR - No overview data for WWACU. Response: {}
2026-01-04 00:05:16,560 - ERROR - No overview data for XLYO. Response: {}
2026-01-04 00:05:17,065 - ERROR - No overview data for XM. Response: {}
2026-01-04 00:05:24,451 - ERROR - No overview data for XPDB. Response: {}
2026-01-04 00:05:24,907 - ERROR - No overview data for XPDBW. Response: {}
2026-01-04 00:05:42,135 - ERROR - No overview data for YBST. Response: {}
2026-01-04 00:05:42,667 - ERROR - No overview data for YBTY. Response: {}
2026-01-04 00:06:17,532 - ERROR - No overview data for ZINGU. Response: {}
2026-01-04 00:06:28,064 - ERROR - No overview data for ZTAQU. Response: {}
2026-01-04 00:06:36,166 - ERROR - No overview data for ZYNE. Response: {}
2026-01-04 13:18:45,093 - INFO - Weights loaded from /workspaces/BlueHorseshoe/src/weights.json
2026-01-04 13:18:45,100 - INFO - Starting automated retraining of all models (limit=100)...
2026-01-04 13:18:45,100 - INFO - Gathering graded trades for strategy=None...
2026-01-04 13:18:45,194 - INFO - Found 100 scores to grade. Grouping by symbol...
2026-01-04 13:18:45,204 - INFO - Connected to MongoDB server version 7.0.28
2026-01-04 13:18:46,232 - INFO - Processed 100/100 symbols...
2026-01-04 13:18:46,262 - INFO - Training on 8 samples, testing on 2 samples...
2026-01-04 13:18:46,418 - INFO - 
              precision    recall  f1-score   support

           0       0.00      0.00      0.00         1
           1       0.50      1.00      0.67         1

    accuracy                           0.50         2
   macro avg       0.25      0.50      0.33         2
weighted avg       0.25      0.50      0.33         2

2026-01-04 13:18:46,431 - INFO - Top Features:
           feature  importance
6           Sector    0.303704
4   moving_average    0.157740
0            trend    0.142140
11  SentimentScore    0.095921
8        MarketCap    0.082437
1           volume    0.067452
10         PERatio    0.057826
7         Industry    0.039099
9             Beta    0.031357
2            limit    0.019423
2026-01-04 13:18:46,464 - INFO - Model saved to src/models/ml_overlay_v1.joblib
2026-01-04 13:18:46,465 - INFO - Gathering graded trades for strategy=baseline...
2026-01-04 13:18:46,580 - INFO - Found 100 scores to grade. Grouping by symbol...
2026-01-04 13:18:47,573 - INFO - Processed 100/100 symbols...
2026-01-04 13:18:47,616 - INFO - Training on 12 samples, testing on 3 samples...
2026-01-04 13:18:47,769 - INFO - 
              precision    recall  f1-score   support

           0       0.00      0.00      0.00       2.0
           1       0.00      0.00      0.00       1.0

    accuracy                           0.00       3.0
   macro avg       0.00      0.00      0.00       3.0
weighted avg       0.00      0.00      0.00       3.0

2026-01-04 13:18:47,782 - INFO - Top Features:
           feature  importance
10         PERatio    0.179805
4   moving_average    0.148854
11  SentimentScore    0.106535
8        MarketCap    0.090964
1           volume    0.089248
0            trend    0.088904
6           Sector    0.064919
9             Beta    0.060590
7         Industry    0.050055
2            limit    0.042660
2026-01-04 13:18:47,813 - INFO - Model saved to src/models/ml_overlay_baseline.joblib
2026-01-04 13:18:47,813 - INFO - Gathering graded trades for strategy=mean_reversion...
2026-01-04 13:18:47,921 - INFO - Found 100 scores to grade. Grouping by symbol...
2026-01-04 13:18:48,529 - INFO - Processed 100/100 symbols...
2026-01-04 13:18:48,567 - INFO - Training on 8 samples, testing on 3 samples...
2026-01-04 13:18:48,720 - INFO - 
              precision    recall  f1-score   support

           0       1.00      1.00      1.00         2
           1       1.00      1.00      1.00         1

    accuracy                           1.00         3
   macro avg       1.00      1.00      1.00         3
weighted avg       1.00      1.00      1.00         3

2026-01-04 13:18:48,733 - INFO - Top Features:
             feature  importance
4               Beta    0.327656
0  bonus_oversold_bb    0.140638
1             Sector    0.138605
3          MarketCap    0.121331
6     SentimentScore    0.073853
2           Industry    0.054203
7      bonus_ma_dist    0.052653
5            PERatio    0.049595
8        candlestick    0.041464
2026-01-04 13:18:48,762 - INFO - Model saved to src/models/ml_overlay_mean_reversion.joblib
2026-01-04 13:18:48,763 - INFO - Automated retraining complete.
2026-01-04 13:56:47,906 - ERROR - No Time Series (Daily) for ADCT. Response keys: []
2026-01-04 13:56:47,907 - ERROR - Failed to update ADCT: 'Time Series (Daily)' missing for ADCT
