2026-01-04 13:49:34,957 - INFO - Starting ML Overlay training with limit=10000, before=2025-07-01...
2026-01-04 13:49:34,958 - INFO - Starting automated retraining of all models (limit=10000, before=2025-07-01)...
2026-01-04 13:49:34,958 - INFO - Gathering graded trades for strategy=None, before=2025-07-01...
2026-01-04 13:49:35,124 - INFO - Found 250 scores to grade. Grouping by symbol...
2026-01-04 13:49:35,136 - INFO - Connected to MongoDB server version 7.0.28
2026-01-04 13:49:36,520 - INFO - Processed 100/248 symbols...
2026-01-04 13:49:38,429 - INFO - Processed 200/248 symbols...
2026-01-04 13:49:39,418 - INFO - Training on 6 samples, testing on 2 samples...
2026-01-04 13:49:39,666 - INFO - 
              precision    recall  f1-score   support

           0       0.50      1.00      0.67         1
           1       0.00      0.00      0.00         1

    accuracy                           0.50         2
   macro avg       0.25      0.50      0.33         2
weighted avg       0.25      0.50      0.33         2

2026-01-04 13:49:39,691 - INFO - Top Features:
           feature  importance
6      penalty_rsi    0.239011
4   moving_average    0.141758
0            trend    0.138049
12  SentimentScore    0.100962
1           volume    0.100000
2            limit    0.074725
8         Industry    0.073077
9        MarketCap    0.072527
7           Sector    0.029670
10            Beta    0.016484
2026-01-04 13:49:39,770 - INFO - Model saved to src/models/ml_overlay_v1.joblib
2026-01-04 13:49:39,771 - INFO - Gathering graded trades for strategy=baseline, before=2025-07-01...
2026-01-04 13:49:39,892 - INFO - Found 2 scores to grade. Grouping by symbol...
2026-01-04 13:49:39,923 - INFO - Gathering graded trades for strategy=mean_reversion, before=2025-07-01...
2026-01-04 13:49:40,100 - INFO - Found 248 scores to grade. Grouping by symbol...
2026-01-04 13:49:41,616 - INFO - Processed 100/248 symbols...
2026-01-04 13:49:43,138 - INFO - Processed 200/248 symbols...
2026-01-04 13:49:44,154 - INFO - Training on 6 samples, testing on 2 samples...
2026-01-04 13:49:44,450 - INFO - 
              precision    recall  f1-score   support

           0       0.50      1.00      0.67         1
           1       0.00      0.00      0.00         1

    accuracy                           0.50         2
   macro avg       0.25      0.50      0.33         2
weighted avg       0.25      0.50      0.33         2

2026-01-04 13:49:44,488 - INFO - Top Features:
           feature  importance
6      penalty_rsi    0.239011
4   moving_average    0.141758
0            trend    0.138049
12  SentimentScore    0.100962
1           volume    0.100000
2            limit    0.074725
8         Industry    0.073077
9        MarketCap    0.072527
7           Sector    0.029670
10            Beta    0.016484
2026-01-04 13:49:44,582 - INFO - Model saved to src/models/ml_overlay_mean_reversion.joblib
2026-01-04 13:49:44,583 - INFO - Automated retraining complete.
2026-01-04 13:49:44,586 - INFO - Training process complete.
