
Rebuilding scores for 2025-01-01...
Market Status: Bearish (0.0x risk)
BROAD MARKET IS BEARISH. Skipping all long signals to protect capital.

Rebuilding scores for 2025-01-02...
Market Status: Bearish (0.0x risk)
BROAD MARKET IS BEARISH. Skipping all long signals to protect capital.

Rebuilding scores for 2025-01-03...
Market Status: Bearish (0.0x risk)
BROAD MARKET IS BEARISH. Skipping all long signals to protect capital.

Rebuilding scores for 2025-01-06...
Market Status: Bearish (0.0x risk)
BROAD MARKET IS BEARISH. Skipping all long signals to protect capital.

Rebuilding scores for 2025-01-07...
Market Status: Bearish (0.0x risk)
BROAD MARKET IS BEARISH. Skipping all long signals to protect capital.

Rebuilding scores for 2025-01-08...
Market Status: Bearish (0.0x risk)
BROAD MARKET IS BEARISH. Skipping all long signals to protect capital.

Rebuilding scores for 2025-01-09...
Market Status: Bearish (0.0x risk)
BROAD MARKET IS BEARISH. Skipping all long signals to protect capital.

Rebuilding scores for 2025-01-10...
Market Status: Bearish (0.0x risk)
BROAD MARKET IS BEARISH. Skipping all long signals to protect capital.

Rebuilding scores for 2025-01-13...
Market Status: Bearish (0.0x risk)
BROAD MARKET IS BEARISH. Skipping all long signals to protect capital.

Rebuilding scores for 2025-01-14...
Market Status: Bearish (0.0x risk)
BROAD MARKET IS BEARISH. Skipping all long signals to protect capital.

Rebuilding scores for 2025-01-15...
Market Status: Bearish (0.0x risk)
BROAD MARKET IS BEARISH. Skipping all long signals to protect capital.

Rebuilding scores for 2025-01-16...
Market Status: Bearish (0.0x risk)
BROAD MARKET IS BEARISH. Skipping all long signals to protect capital.

Rebuilding scores for 2025-01-17...
Market Status: Bearish (0.0x risk)
BROAD MARKET IS BEARISH. Skipping all long signals to protect capital.

Rebuilding scores for 2025-01-20...
Market Status: Bearish (0.0x risk)
BROAD MARKET IS BEARISH. Skipping all long signals to protect capital.

Rebuilding scores for 2025-01-21...
Market Status: Bearish (0.0x risk)
BROAD MARKET IS BEARISH. Skipping all long signals to protect capital.

Rebuilding scores for 2025-01-22...
Market Status: Neutral (0.5x risk)
Yesterday was not a holiday.
Predicting for historical date: 2025-01-22
DEBUG: UNK RR Debug: entry=38.14, stop=-195.56, exit=42.32, atr=1.39, mult=167.64, risk=233.69, reward=4.18
DEBUG: AA - Baseline failed setup checks: realistic=True, rr=0.01789529665978219
DEBUG: AACBR - DF empty after target_date filter
DEBUG: AACBU - DF empty after target_date filter
DEBUG: UNK RR Debug: entry=0.94, stop=-0.91, exit=1.14, atr=0.07, mult=27.55, risk=1.85, reward=0.20
DEBUG: AACG - Baseline failed setup checks: realistic=True, rr=0.10889969870190687
DEBUG: UNK RR Debug: entry=145.69, stop=-530.16, exit=157.04, atr=3.78, mult=178.62, risk=675.86, reward=11.35
DEBUG: A - Baseline failed setup checks: realistic=True, rr=0.016795392335927452
DEBUG: UNK RR Debug: entry=10.12, stop=9.43, exit=10.19, atr=0.02, mult=29.02, risk=0.69, reward=0.07
DEBUG: AAM - Baseline failed setup checks: realistic=True, rr=0.10338107413670984
DEBUG: UNK RR Debug: entry=1.51, stop=0.37, exit=1.71, atr=0.07, mult=16.90, risk=1.14, reward=0.20
DEBUG: AAME - Baseline failed setup checks: realistic=True, rr=0.17749009053999681
DEBUG: UNK RR Debug: entry=18.21, stop=-95.18, exit=20.06, atr=0.62, mult=183.81, risk=113.38, reward=1.85
DEBUG: AAL - Baseline failed setup checks: realistic=True, rr=0.01632081636816806
DEBUG: UNK RR Debug: entry=25.20, stop=14.50, exit=27.80, atr=0.81, mult=13.14, risk=10.70, reward=2.60
DEBUG: AAMI - Baseline failed setup checks: realistic=True, rr=0.24295077688241332
DEBUG: UNK RR Debug: entry=31.71, stop=-6.85, exit=42.37, atr=3.55, mult=10.85, risk=38.56, reward=10.66
DEBUG: AAOI - Baseline failed setup checks: realistic=True, rr=0.27641257998351926
DEBUG: UNK RR Debug: entry=129.61, stop=-674.59, exit=142.68, atr=4.36, mult=184.50, risk=804.19, reward=13.08
DEBUG: AAON - Baseline failed setup checks: realistic=True, rr=0.01626013131934287
DEBUG: UNK RR Debug: entry=45.81, stop=-283.86, exit=51.71, atr=1.97, mult=167.72, risk=329.67, reward=5.90
DEBUG: AAP - Baseline failed setup checks: realistic=True, rr=0.017886501384802262
DEBUG: AAPG - DF empty after target_date filter
DEBUG: AAPGV - DF empty after target_date filter
DEBUG: AARD - DF empty after target_date filter
DEBUG: UNK RR Debug: entry=223.83, stop=-416.36, exit=260.10, atr=5.39, mult=118.88, risk=640.19, reward=36.27
DEBUG: AAPL - Baseline failed setup checks: realistic=True, rr=0.056654903110452265
DEBUG: AAUC - DF empty after target_date filter
DEBUG: UNK RR Debug: entry=24.78, stop=-46.83, exit=26.66, atr=0.59, mult=120.37, risk=71.61, reward=1.88
DEBUG: AAT - Baseline failed setup checks: realistic=True, rr=0.026223271046758187
DEBUG: UNK RR Debug: entry=1.96, stop=-15.97, exit=4.11, atr=0.38, mult=47.45, risk=17.93, reward=2.15
DEBUG: ABAT - Baseline failed setup checks: realistic=True, rr=0.11965124777532712
DEBUG: UNK RR Debug: entry=173.34, stop=117.91, exit=184.41, atr=3.69, mult=15.02, risk=55.44, reward=11.07
DEBUG: ABBV - Baseline failed setup checks: realistic=True, rr=0.19968434655555345
DEBUG: UNK RR Debug: entry=37.91, stop=-162.21, exit=41.17, atr=1.09, mult=183.90, risk=200.12, reward=3.26
DEBUG: AB - Baseline failed setup checks: realistic=True, rr=0.016312948270312433
DEBUG: UNK RR Debug: entry=3.10, stop=-39.62, exit=3.77, atr=0.23, mult=189.24, risk=42.72, reward=0.68
DEBUG: ABCL - Baseline failed setup checks: realistic=True, rr=0.015853254744234754
DEBUG: UNK RR Debug: entry=63.66, stop=-134.74, exit=68.66, atr=1.67, mult=119.06, risk=198.40, reward=5.00
DEBUG: ABCB - Baseline failed setup checks: realistic=True, rr=0.02519797357585324
DEBUG: UNK RR Debug: entry=5.34, stop=2.49, exit=6.11, atr=0.24, mult=11.76, risk=2.86, reward=0.77
DEBUG: ABEO - Baseline failed setup checks: realistic=True, rr=0.26796574883446306
DEBUG: UNK RR Debug: entry=1.81, stop=0.96, exit=2.07, atr=0.06, mult=14.77, risk=0.86, reward=0.26
DEBUG: ABEV - Baseline failed setup checks: realistic=True, rr=0.29862776559844834
DEBUG: ABI - Data too stale: 2014-05-15 00:00:00
DEBUG: UNK RR Debug: entry=248.84, stop=-334.37, exit=269.96, atr=7.04, mult=82.83, risk=583.21, reward=21.12
DEBUG: ABG - Baseline failed setup checks: realistic=True, rr=0.03621669121484926
DEBUG: UNK RR Debug: entry=7.49, stop=-5.15, exit=8.57, atr=0.36, mult=35.15, risk=12.64, reward=1.08
DEBUG: ABL - Baseline failed setup checks: realistic=True, rr=0.08535884499018774
DEBUG: UNK RR Debug: entry=27.51, stop=-60.04, exit=38.50, atr=2.02, mult=43.36, risk=87.55, reward=10.99
DEBUG: ABLLL - Baseline failed setup checks: realistic=True, rr=0.12548734118808155
DEBUG: ABLLW - Data too stale: 2023-07-28 00:00:00
DEBUG: UNK RR Debug: entry=0.02, stop=-0.05, exit=0.03, atr=0.00, mult=27.21, risk=0.07, reward=0.01
DEBUG: ABLVW - Baseline failed setup checks: realistic=True, rr=0.15270243651481255
DEBUG: UNK RR Debug: entry=1.04, stop=-1.66, exit=1.33, atr=0.10, mult=27.21, risk=2.70, reward=0.30
DEBUG: ABLV - Baseline failed setup checks: realistic=True, rr=0.1102693796043127
DEBUG: UNK RR Debug: entry=132.30, stop=84.49, exit=143.36, atr=3.69, mult=12.97, risk=47.81, reward=11.06
DEBUG: ABNB - Baseline failed setup checks: realistic=True, rr=0.23131172617822918
DEBUG: ABNG - DF empty after target_date filter
DEBUG: UNK RR Debug: entry=1.69, stop=-18.05, exit=2.14, atr=0.15, mult=129.47, risk=19.74, reward=0.46
DEBUG: ABOS - Baseline failed setup checks: realistic=True, rr=0.023171176790510707
DEBUG: UNK RR Debug: entry=0.07, stop=-0.60, exit=0.18, atr=0.02, mult=43.36, risk=0.67, reward=0.11
DEBUG: ABPWW - Baseline failed setup checks: realistic=True, rr=0.166775847261916
DEBUG: UNK RR Debug: entry=52.70, stop=30.08, exit=56.48, atr=1.26, mult=17.95, risk=22.61, reward=3.78
DEBUG: ABM - Baseline failed setup checks: realistic=True, rr=0.16715880230192215
DEBUG: UNK RR Debug: entry=3.18, stop=-30.80, exit=4.41, atr=0.41, mult=82.92, risk=33.98, reward=1.23
DEBUG: ABSI - Baseline failed setup checks: realistic=False, rr=0.036178532972887034
DEBUG: ABST - Data too stale: 2023-07-27 00:00:00
DEBUG: UNK RR Debug: entry=13.52, stop=8.76, exit=14.52, atr=0.33, mult=14.34, risk=4.77, reward=1.00
DEBUG: ABR - Baseline failed setup checks: realistic=True, rr=0.20915665354305898
DEBUG: UNK RR Debug: entry=0.52, stop=-4.43, exit=0.94, atr=0.08, mult=60.62, risk=4.95, reward=0.42
DEBUG: ABTS - Baseline failed setup checks: realistic=True, rr=0.08451546065026445
DEBUG: UNK RR Debug: entry=3.25, stop=-13.83, exit=3.67, atr=0.14, mult=120.43, risk=17.07, reward=0.43
DEBUG: ABUS - Baseline failed setup checks: realistic=True, rr=0.02491116193171808
DEBUG: UNK RR Debug: entry=0.54, stop=-0.40, exit=0.70, atr=0.05, mult=18.47, risk=0.94, reward=0.15
DEBUG: ABVC - Baseline failed setup checks: realistic=True, rr=0.16238191476653255
DEBUG: UNK RR Debug: entry=114.67, stop=-299.52, exit=121.42, atr=2.25, mult=183.87, risk=414.19, reward=6.76
DEBUG: ABT - Baseline failed setup checks: realistic=True, rr=0.01631593830081024
DEBUG: UNK RR Debug: entry=0.03, stop=-0.38, exit=0.06, atr=0.01, mult=43.36, risk=0.41, reward=0.03
DEBUG: ABVEW - Baseline failed setup checks: realistic=True, rr=0.06919370159190226
DEBUG: UNK RR Debug: entry=0.52, stop=-2.23, exit=0.81, atr=0.10, mult=28.68, risk=2.75, reward=0.29
DEBUG: ABVE - Baseline failed setup checks: realistic=True, rr=0.10461296208365599
DEBUG: UNK RR Debug: entry=6.42, stop=-8.27, exit=8.11, atr=0.49, mult=30.15, risk=14.70, reward=1.69
DEBUG: ABVX - Baseline failed setup checks: realistic=True, rr=0.11470745873168928
DEBUG: UNK RR Debug: entry=98.03, stop=49.81, exit=106.14, atr=2.70, mult=17.85, risk=48.22, reward=8.10
DEBUG: ACA - Baseline failed setup checks: realistic=True, rr=0.16805937375241484
DEBUG: UNK RR Debug: entry=17.63, stop=-19.43, exit=19.79, atr=0.72, mult=51.46, risk=37.06, reward=2.16
DEBUG: ACAD - Baseline failed setup checks: realistic=True, rr=0.05830037301373875
DEBUG: ACCL - DF empty after target_date filter
DEBUG: UNK RR Debug: entry=4.01, stop=1.33, exit=4.85, atr=0.21, mult=12.83, risk=2.68, reward=0.83
DEBUG: ACB - Baseline failed setup checks: realistic=True, rr=0.3106772767705667
DEBUG: UNK RR Debug: entry=8.61, stop=-73.15, exit=10.12, atr=0.50, mult=162.41, risk=81.76, reward=1.51
DEBUG: ACDC - Baseline failed setup checks: realistic=True, rr=0.018471438491011703
DEBUG: UNK RR Debug: entry=10.80, stop=-30.71, exit=11.69, atr=0.30, mult=140.69, risk=41.51, reward=0.89
DEBUG: ACEL - Baseline failed setup checks: realistic=True, rr=0.02132325293621447
DEBUG: ACEP - DF empty after target_date filter
DEBUG: UNK RR Debug: entry=5.22, stop=2.56, exit=5.70, atr=0.16, mult=16.42, risk=2.66, reward=0.49
DEBUG: ACCO - Baseline failed setup checks: realistic=True, rr=0.1827018604200636
DEBUG: UNK RR Debug: entry=0.93, stop=-0.05, exit=1.15, atr=0.07, mult=13.16, risk=0.98, reward=0.22
DEBUG: ACET - Baseline failed setup checks: realistic=True, rr=0.22791677020630707
DEBUG: UNK RR Debug: entry=18.36, stop=13.04, exit=19.55, atr=0.39, mult=13.53, risk=5.32, reward=1.18
DEBUG: ACGLN - Baseline failed setup checks: realistic=True, rr=0.2217930110748774
DEBUG: UNK RR Debug: entry=21.63, stop=16.75, exit=22.71, atr=0.36, mult=13.53, risk=4.88, reward=1.08
DEBUG: ACGLO - Baseline failed setup checks: realistic=True, rr=0.22179301107487776
DEBUG: UNK RR Debug: entry=93.56, stop=61.30, exit=99.17, atr=1.87, mult=17.26, risk=32.26, reward=5.61
DEBUG: ACGL - Baseline failed setup checks: realistic=True, rr=0.17382231743161905
DEBUG: UNK RR Debug: entry=1.15, stop=-14.09, exit=1.29, atr=0.05, mult=335.17, risk=15.24, reward=0.14
DEBUG: ACHL - Baseline failed setup checks: realistic=True, rr=0.00895059047056349
DEBUG: UNK RR Debug: entry=9.40, stop=-43.87, exit=12.52, atr=1.04, mult=51.32, risk=53.27, reward=3.11
DEBUG: ACHR - Baseline failed setup checks: realistic=True, rr=0.05845644955651997
DEBUG: UNK RR Debug: entry=43.69, stop=-99.21, exit=48.86, atr=1.72, mult=82.89, risk=142.90, reward=5.17
DEBUG: ACHC - Baseline failed setup checks: realistic=True, rr=0.03619052547229795
DEBUG: UNK RR Debug: entry=19.91, stop=13.31, exit=21.39, atr=0.49, mult=13.43, risk=6.61, reward=1.48
DEBUG: ACI - Baseline failed setup checks: realistic=True, rr=0.22335948765272692
DEBUG: UNK RR Debug: entry=3.07, stop=0.16, exit=3.96, atr=0.23, mult=12.65, risk=2.91, reward=0.89
DEBUG: ACHV - Baseline failed setup checks: realistic=True, rr=0.30602314408340475
DEBUG: UNK RR Debug: entry=12.26, stop=-6.84, exit=13.78, atr=0.47, mult=40.92, risk=19.10, reward=1.52
DEBUG: ACIC - Baseline failed setup checks: realistic=True, rr=0.0795830878311857
DEBUG: UNK RR Debug: entry=2.70, stop=0.67, exit=3.18, atr=0.16, mult=12.71, risk=2.03, reward=0.48
DEBUG: ACIU - Baseline failed setup checks: realistic=True, rr=0.23606962700465184
DEBUG: UNK RR Debug: entry=50.25, stop=42.23, exit=50.36, atr=0.04, mult=209.43, risk=8.02, reward=0.11
DEBUG: ACLO - Baseline failed setup checks: realistic=True, rr=0.014324726641199818
DEBUG: UNK RR Debug: entry=71.20, stop=35.08, exit=79.63, atr=2.81, mult=12.84, risk=36.12, reward=8.44
DEBUG: ACLS - Baseline failed setup checks: realistic=True, rr=0.23358509379879544
DEBUG: UNK RR Debug: entry=53.21, stop=-130.49, exit=57.89, atr=1.56, mult=117.72, risk=183.70, reward=4.68
DEBUG: ACIW - Baseline failed setup checks: realistic=True, rr=0.02548459882716228
DEBUG: UNK RR Debug: entry=68.25, stop=15.57, exit=81.00, atr=3.85, mult=13.68, risk=52.68, reward=12.75
DEBUG: ACLX - Baseline failed setup checks: realistic=True, rr=0.24209950665006952
DEBUG: UNK RR Debug: entry=17.49, stop=-77.40, exit=20.15, atr=0.88, mult=107.27, risk=94.90, reward=2.65
DEBUG: ACMR - Baseline failed setup checks: realistic=True, rr=0.027967708689534992
DEBUG: UNK RR Debug: entry=109.19, stop=-242.97, exit=115.69, atr=2.17, mult=162.47, risk=352.16, reward=6.50
DEBUG: ACM - Baseline failed setup checks: realistic=True, rr=0.018465190385310415
DEBUG: UNK RR Debug: entry=38.83, stop=21.33, exit=42.79, atr=1.32, mult=13.27, risk=17.50, reward=3.96
DEBUG: ACNB - Baseline failed setup checks: realistic=True, rr=0.22613169454829535
DEBUG: UNK RR Debug: entry=11.12, stop=7.58, exit=12.02, atr=0.30, mult=11.72, risk=3.54, reward=0.91
DEBUG: ACNT - Baseline failed setup checks: realistic=True, rr=0.2559995174283425
DEBUG: UNK RR Debug: entry=5.91, stop=-1.58, exit=7.31, atr=0.47, mult=16.06, risk=7.49, reward=1.40
DEBUG: ACOG - Baseline failed setup checks: realistic=True, rr=0.18676620342454398
DEBUG: UNK RR Debug: entry=359.11, stop=118.66, exit=381.45, atr=7.45, mult=32.29, risk=240.45, reward=22.34
DEBUG: ACN - Baseline failed setup checks: realistic=True, rr=0.0929053172911758
DEBUG: UNK RR Debug: entry=0.03, stop=-0.24, exit=0.06, atr=0.01, mult=27.33, risk=0.27, reward=0.03
DEBUG: ACONW - Baseline failed setup checks: realistic=True, rr=0.10977566339141832
DEBUG: UNK RR Debug: entry=0.07, stop=-0.75, exit=0.39, atr=0.03, mult=28.59, risk=0.82, reward=0.31
DEBUG: ACON - Baseline failed setup checks: realistic=False, rr=0.3818146514097161
DEBUG: UNK RR Debug: entry=17.53, stop=12.72, exit=18.82, atr=0.43, mult=11.15, risk=4.81, reward=1.29
DEBUG: ACR - Baseline failed setup checks: realistic=True, rr=0.26913890171646676
DEBUG: UNK RR Debug: entry=2.56, stop=-23.75, exit=3.20, atr=0.21, mult=124.15, risk=26.31, reward=0.64
DEBUG: ACRS - Baseline failed setup checks: realistic=True, rr=0.02416361065454985
DEBUG: UNK RR Debug: entry=5.81, stop=-19.22, exit=6.45, atr=0.21, mult=119.37, risk=25.03, reward=0.64
DEBUG: ACRE - Baseline failed setup checks: realistic=True, rr=0.02557088444704333
DEBUG: UNK RR Debug: entry=5.72, stop=0.40, exit=7.18, atr=0.48, mult=11.03, risk=5.33, reward=1.46
DEBUG: ACRV - Baseline failed setup checks: realistic=True, rr=0.27406524973398394
DEBUG: ACST - Data too stale: 2024-10-07 00:00:00
DEBUG: UNK RR Debug: entry=32.49, stop=-50.69, exit=34.27, atr=0.59, mult=140.36, risk=83.18, reward=1.78
DEBUG: ACT - Baseline failed setup checks: realistic=True, rr=0.021374185405370345
DEBUG: UNK RR Debug: entry=8.81, stop=-16.29, exit=11.56, atr=0.92, mult=27.37, risk=25.10, reward=2.75
DEBUG: ACTU - Baseline failed setup checks: realistic=True, rr=0.10962070634610525
DEBUG: UNK RR Debug: entry=21.42, stop=-118.88, exit=24.01, atr=0.86, mult=162.41, risk=140.30, reward=2.59WARNING:root:File not found: /workspaces/BlueHorseshoe/src/historical_data/StockPrice-ADCT.json

DEBUG: ACVA - Baseline failed setup checks: realistic=True, rr=0.018471438491011696
DEBUG: UNK RR Debug: entry=0.82, stop=-16.51, exit=1.25, atr=0.11, mult=161.54, risk=17.34, reward=0.43
DEBUG: ACXP - Baseline failed setup checks: realistic=True, rr=0.024518991563655036
DEBUG: UNK RR Debug: entry=4.38, stop=2.40, exit=4.71, atr=0.11, mult=18.14, risk=1.97, reward=0.33
DEBUG: ACTG - Baseline failed setup checks: realistic=True, rr=0.16542160662845712
DEBUG: ADACU - DF empty after target_date filter
DEBUG: UNK RR Debug: entry=1.80, stop=-0.03, exit=2.28, atr=0.16, mult=11.38, risk=1.83, reward=0.48
DEBUG: ADAG - Baseline failed setup checks: realistic=True, rr=0.26369410441846397
DEBUG: ADAL - Data too stale: 2023-05-02 00:00:00
DEBUG: ADALU - Data too stale: 2023-05-02 00:00:00
DEBUG: ADALW - Data too stale: 2023-05-02 00:00:00
DEBUG: UNK RR Debug: entry=5.94, stop=-22.39, exit=6.47, atr=0.18, mult=161.26, risk=28.33, reward=0.53
DEBUG: ADAM - Baseline failed setup checks: realistic=True, rr=0.01860321445001159
DEBUG: ADAMG - Insufficient data: 5
DEBUG: ADAMH - DF empty after target_date filter
DEBUG: UNK RR Debug: entry=62.73, stop=-38.30, exit=67.71, atr=1.66, mult=60.84, risk=101.03, reward=4.98
DEBUG: AD - Baseline failed setup checks: realistic=True, rr=0.04930590069541082
DEBUG: UNK RR Debug: entry=25.36, stop=19.15, exit=25.79, atr=0.14, mult=43.36, risk=6.22, reward=0.43
DEBUG: ADAMI - Baseline failed setup checks: realistic=True, rr=0.0691937015919025
DEBUG: UNK RR Debug: entry=22.14, stop=7.82, exit=23.13, atr=0.33, mult=43.36, risk=14.32, reward=0.99
DEBUG: ADAML - Baseline failed setup checks: realistic=True, rr=0.06919370159190222
DEBUG: UNK RR Debug: entry=25.00, stop=15.83, exit=25.64, atr=0.21, mult=43.36, risk=9.17, reward=0.63
DEBUG: ADAMM - Baseline failed setup checks: realistic=True, rr=0.06919370159190222
DEBUG: UNK RR Debug: entry=22.26, stop=6.26, exit=23.36, atr=0.37, mult=43.36, risk=15.99, reward=1.11
DEBUG: ADAMN - Baseline failed setup checks: realistic=True, rr=0.06919370159190236
DEBUG: UNK RR Debug: entry=19.45, stop=3.35, exit=21.31, atr=0.37, mult=43.36, risk=16.10, reward=1.86
DEBUG: ADAMZ - Baseline failed setup checks: realistic=True, rr=0.1152334474535009
DEBUG: UNK RR Debug: entry=71.40, stop=-102.59, exit=75.77, atr=1.46, mult=119.28, risk=173.98, reward=4.38
DEBUG: ADC - Baseline failed setup checks: realistic=True, rr=0.02515027064789846
DEBUG: UNK RR Debug: entry=428.72, stop=-948.71, exit=462.34, atr=11.21, mult=122.91, risk=1377.43, reward=33.62
DEBUG: ADBE - Baseline failed setup checks: realistic=True, rr=0.024408671497854195
DEBUG: UNK RR Debug: entry=1.80, stop=-0.55, exit=2.35, atr=0.18, mult=12.79, risk=2.34, reward=0.55
DEBUG: ADCT - Baseline failed setup checks: realistic=True, rr=0.23464290328770718
DEBUG: UNK RR Debug: entry=0.88, stop=-10.75, exit=1.97, atr=0.19, mult=60.59, risk=11.62, reward=1.10
DEBUG: ADGM - Baseline failed setup checks: realistic=True, rr=0.09426881612496539
DEBUG: UNK RR Debug: entry=13.18, stop=-14.99, exit=14.45, atr=0.42, mult=67.34, risk=28.17, reward=1.27
DEBUG: ADEA - Baseline failed setup checks: realistic=True, rr=0.044972721800374246
DEBUG: UNK RR Debug: entry=1.00, stop=-0.68, exit=1.19, atr=0.06, mult=27.33, risk=1.69, reward=0.19
DEBUG: ADIL - Baseline failed setup checks: realistic=True, rr=0.10977566339141831
DEBUG: UNK RR Debug: entry=218.60, stop=-800.28, exit=235.29, atr=5.56, mult=183.15, risk=1018.88, reward=16.69
DEBUG: ADI - Baseline failed setup checks: realistic=True, rr=0.016380148557778796
DEBUG: UNK RR Debug: entry=16.47, stop=-106.55, exit=19.25, atr=0.87, mult=142.03, risk=123.02, reward=2.78
DEBUG: ADMA - Baseline failed setup checks: realistic=True, rr=0.02259775034941579
DEBUG: UNK RR Debug: entry=17.17, stop=6.79, exit=19.36, atr=0.73, mult=14.20, risk=10.38, reward=2.19
DEBUG: ADNT - Baseline failed setup checks: realistic=True, rr=0.2112108965090626
DEBUG: UNK RR Debug: entry=50.91, stop=36.08, exit=54.21, atr=1.10, mult=13.44, risk=14.82, reward=3.31
DEBUG: ADM - Baseline failed setup checks: realistic=True, rr=0.22322104258269707
DEBUG: ADOCR - Data too stale: 2024-03-21 00:00:00
DEBUG: UNK RR Debug: entry=7.09, stop=-93.43, exit=8.88, atr=0.60, mult=168.11, risk=100.52, reward=1.79
DEBUG: ADPT - Baseline failed setup checks: realistic=True, rr=0.01784584529363738
DEBUG: UNK RR Debug: entry=15.33, stop=-45.05, exit=17.54, atr=0.74, mult=82.07, risk=60.39, reward=2.21
DEBUG: ADSE - Baseline failed setup checks: realistic=True, rr=0.036552203538396125
DEBUG: UNK RR Debug: entry=4.02, stop=-6.92, exit=5.21, atr=0.39, mult=27.81, risk=10.95, reward=1.18
DEBUG: ADSEW - Baseline failed setup checks: realistic=True, rr=0.10788338004943009
DEBUG: UNK RR Debug: entry=294.52, stop=-254.18, exit=307.35, atr=4.28, mult=128.25, risk=548.70, reward=12.84
DEBUG: ADP - Baseline failed setup checks: realistic=True, rr=0.023392378062718936
DEBUG: UNK RR Debug: entry=7.17, stop=-10.69, exit=7.60, atr=0.14, mult=124.69, risk=17.87, reward=0.43
DEBUG: ADT - Baseline failed setup checks: realistic=True, rr=0.02405940920374828
DEBUG: UNK RR Debug: entry=293.85, stop=-923.00, exit=313.22, atr=6.46, mult=188.40, risk=1216.85, reward=19.38
DEBUG: ADSK - Baseline failed setup checks: realistic=True, rr=0.01592315201489088
DEBUG: UNK RR Debug: entry=0.14, stop=-0.93, exit=0.25, atr=0.04, mult=28.77, risk=1.07, reward=0.11
DEBUG: ADTX - Baseline failed setup checks: realistic=False, rr=0.10427648251103061
DEBUG: UNK RR Debug: entry=10.10, stop=-21.81, exit=11.60, atr=0.50, mult=63.71, risk=31.91, reward=1.50
DEBUG: ADTN - Baseline failed setup checks: realistic=True, rr=0.04709031181951718
DEBUG: UNK RR Debug: entry=131.30, stop=-348.54, exit=140.16, atr=2.95, mult=162.44, risk=479.84, reward=8.86
DEBUG: ADUS - Baseline failed setup checks: realistic=True, rr=0.01846831390970425
DEBUG: ADVB - DF empty after target_date filter
DEBUG: UNK RR Debug: entry=7.77, stop=-12.48, exit=10.01, atr=0.74, mult=27.21, risk=20.26, reward=2.23
DEBUG: ADXN - Baseline failed setup checks: realistic=True, rr=0.11026937960431271
DEBUG: AEAQU - DF empty after target_date filter
DEBUG: AEBI - DF empty after target_date filter
DEBUG: AEBIV - DF empty after target_date filter
DEBUG: UNK RR Debug: entry=2.57, stop=-18.55, exit=3.19, atr=0.15, mult=139.93, risk=21.11, reward=0.63
DEBUG: ADV - Baseline failed setup checks: realistic=True, rr=0.029775695955885258
DEBUG: AEC - Data too stale: 2015-08-14 00:00:00
DEBUG: UNK RR Debug: entry=20.75, stop=6.55, exit=21.74, atr=0.33, mult=43.36, risk=14.20, reward=0.98
DEBUG: AEFC - Baseline failed setup checks: realistic=True, rr=0.06919370159190236
DEBUG: UNK RR Debug: entry=92.31, stop=-201.01, exit=97.72, atr=1.80, mult=162.70, risk=293.32, reward=5.41
DEBUG: AEE - Baseline failed setup checks: realistic=True, rr=0.018438855460449443
DEBUG: UNK RR Debug: entry=6.27, stop=-9.67, exit=6.59, atr=0.11, mult=145.99, risk=15.93, reward=0.33
DEBUG: AEG - Baseline failed setup checks: realistic=True, rr=0.020549051676717344
DEBUG: AEHA - Data too stale: 2023-02-14 00:00:00
DEBUG: UNK RR Debug: entry=0.17, stop=-4.31, exit=0.29, atr=0.03, mult=135.58, risk=4.49, reward=0.11
DEBUG: AEHL - Baseline failed setup checks: realistic=True, rr=0.02536811277304191
DEBUG: UNK RR Debug: entry=0.88, stop=-7.26, exit=2.61, atr=0.18, mult=45.82, risk=8.15, reward=1.73
DEBUG: AEI - Baseline failed setup checks: realistic=True, rr=0.21186315318166082
DEBUG: UNK RR Debug: entry=13.59, stop=-5.35, exit=18.76, atr=1.50, mult=12.65, risk=18.94, reward=5.17
DEBUG: AEHR - Baseline failed setup checks: realistic=True, rr=0.27298301231231614
DEBUG: UNK RR Debug: entry=122.07, stop=-236.37, exit=134.88, atr=4.27, mult=83.94, risk=358.44, reward=12.81
DEBUG: AEIS - Baseline failed setup checks: realistic=True, rr=0.035741124824737874
DEBUG: UNK RR Debug: entry=85.34, stop=-346.33, exit=92.38, atr=2.34, mult=184.13, risk=431.67, reward=7.03
DEBUG: AEM - Baseline failed setup checks: realistic=True, rr=0.016292941880589037
DEBUG: UNK RR Debug: entry=0.67, stop=-5.93, exit=1.05, atr=0.11, mult=61.70, risk=6.60, reward=0.39
DEBUG: AEMD - Baseline failed setup checks: realistic=True, rr=0.05848438392359328
DEBUG: UNK RR Debug: entry=0.30, stop=-2.95, exit=0.75, atr=0.12, mult=27.81, risk=3.25, reward=0.45
DEBUG: AENTW - Baseline failed setup checks: realistic=False, rr=0.13733209428989668
DEBUG: UNK RR Debug: entry=6.06, stop=-46.29, exit=11.57, atr=1.27, mult=41.17, risk=52.36, reward=5.51
DEBUG: AENT - Baseline failed setup checks: realistic=True, rr=0.10518239741392534
DEBUG: UNK RR Debug: entry=95.76, stop=-96.21, exit=100.59, atr=1.61, mult=119.31, risk=191.97, reward=4.83
DEBUG: AEP - Baseline failed setup checks: realistic=True, rr=0.02514447837309484
DEBUG: UNK RR Debug: entry=16.52, stop=-69.35, exit=18.59, atr=0.69, mult=124.61, risk=85.86, reward=2.07
DEBUG: AEO - Baseline failed setup checks: realistic=True, rr=0.02407532550848323
DEBUG: AEPPZ - Data too stale: 2023-08-24 00:00:00
DEBUG: AERO - DF empty after target_date filter
DEBUG: UNK RR Debug: entry=0.83, stop=-12.72, exit=2.67, atr=0.17, mult=77.67, risk=13.55, reward=1.84
DEBUG: AERT - Baseline failed setup checks: realistic=True, rr=0.1354699826864854
DEBUG: UNK RR Debug: entry=0.03, stop=-0.49, exit=0.10, atr=0.01, mult=43.36, risk=0.52, reward=0.07
DEBUG: AERTW - Baseline failed setup checks: realistic=False, rr=0.12669229519754419
DEBUG: UNK RR Debug: entry=95.48, stop=69.66, exit=100.85, atr=1.79, mult=14.43, risk=25.82, reward=5.37
DEBUG: AER - Baseline failed setup checks: realistic=True, rr=0.20796145610536232
DEBUG: UNK RR Debug: entry=23.46, stop=-30.88, exit=26.11, atr=0.88, mult=61.58, risk=54.34, reward=2.65
DEBUG: AESI - Baseline failed setup checks: realistic=True, rr=0.048719089285735866
DEBUG: UNK RR Debug: entry=11.86, stop=5.23, exit=13.44, atr=0.46, mult=14.51, risk=6.63, reward=1.58
DEBUG: AES - Baseline failed setup checks: realistic=True, rr=0.2377466697296585
DEBUG: UNK RR Debug: entry=0.07, stop=-0.43, exit=0.13, atr=0.02, mult=27.21, risk=0.50, reward=0.06
DEBUG: AEVAW - Baseline failed setup checks: realistic=True, rr=0.1102693796043127
DEBUG: AEXA - DF empty after target_date filter
DEBUG: UNK RR Debug: entry=4.47, stop=-11.48, exit=5.52, atr=0.35, mult=45.82, risk=15.95, reward=1.04
DEBUG: AEVA - Baseline failed setup checks: realistic=True, rr=0.06547009210387622
DEBUG: AFBI - Baseline failed setup checks: realistic=True, rr=0.7977217380311161
DEBUG: UNK RR Debug: entry=16.73, stop=-142.92, exit=20.63, atr=1.30, mult=122.74, risk=159.65, reward=3.90
DEBUG: AEYE - Baseline failed setup checks: realistic=True, rr=0.024441482471916142
DEBUG: UNK RR Debug: entry=8.41, stop=3.85, exit=9.17, atr=0.25, mult=18.13, risk=4.56, reward=0.76
DEBUG: AFCG - Baseline failed setup checks: realistic=True, rr=0.16544412321533553
DEBUG: UNK RR Debug: entry=22.79, stop=7.46, exit=23.85, atr=0.35, mult=43.36, risk=15.33, reward=1.06
DEBUG: AFGB - Baseline failed setup checks: realistic=True, rr=0.06919370159190218
DEBUG: UNK RR Debug: entry=20.17, stop=5.07, exit=21.21, atr=0.35, mult=43.36, risk=15.10, reward=1.04
DEBUG: AFGC - Baseline failed setup checks: realistic=True, rr=0.0691937015919022
DEBUG: UNK RR Debug: entry=21.98, stop=-28.48, exit=23.09, atr=0.37, mult=136.11, risk=50.46, reward=1.11
DEBUG: AFGD - Baseline failed setup checks: realistic=True, rr=0.02204049540121711
DEBUG: UNK RR Debug: entry=18.07, stop=7.86, exit=19.13, atr=0.35, mult=28.79, risk=10.21, reward=1.06
DEBUG: AFGE - Baseline failed setup checks: realistic=True, rr=0.1042190677840288
DEBUG: UNK RR Debug: entry=10.74, stop=8.99, exit=10.92, atr=0.06, mult=30.21, risk=1.76, reward=0.17
DEBUG: AFJK - Baseline failed setup checks: realistic=True, rr=0.09931781924296537
DEBUG: UNK RR Debug: entry=0.17, stop=-0.02, exit=0.20, atr=0.00, mult=43.36, risk=0.19, reward=0.03
DEBUG: AFJKR - Baseline failed setup checks: realistic=False, rr=0.14874942795903798
DEBUG: UNK RR Debug: entry=134.68, stop=-184.91, exit=142.64, atr=2.65, mult=120.43, risk=319.59, reward=7.96
DEBUG: AFG - Baseline failed setup checks: realistic=True, rr=0.02490987458388745
DEBUG: UNK RR Debug: entry=1.15, stop=-18.17, exit=1.57, atr=0.14, mult=136.60, risk=19.32, reward=0.42
DEBUG: AFMD - Baseline failed setup checks: realistic=True, rr=0.021961770162656487
DEBUG: UNK RR Debug: entry=104.63, stop=-116.59, exit=110.18, atr=1.85, mult=119.41, risk=221.22, reward=5.56
DEBUG: AFL - Baseline failed setup checks: realistic=True, rr=0.025122745474671804
DEBUG: UNK RR Debug: entry=9.90, stop=7.21, exit=10.75, atr=0.23, mult=11.72, risk=2.68, reward=0.85
DEBUG: AFRI - Baseline failed setup checks: realistic=True, rr=0.3169494540593902
DEBUG: UNK RR Debug: entry=1.01, stop=-3.83, exit=1.54, atr=0.17, mult=27.81, risk=4.85, reward=0.52
DEBUG: AFRIW - Baseline failed setup checks: realistic=True, rr=0.10788338004943006
DEBUG: AFSC - DF empty after target_date filter
DEBUG: UNK RR Debug: entry=15.54, stop=9.85, exit=16.82, atr=0.43, mult=13.29, risk=5.69, reward=1.28
DEBUG: AFYA - Baseline failed setup checks: realistic=True, rr=0.2256861989399146
DEBUG: UNK RR Debug: entry=57.88, stop=-26.25, exit=68.20, atr=3.42, mult=24.62, risk=84.13, reward=10.32
DEBUG: AFRM - Baseline failed setup checks: realistic=True, rr=0.12265465197261134
DEBUG: UNK RR Debug: entry=0.92, stop=-0.90, exit=1.12, atr=0.07, mult=27.21, risk=1.83, reward=0.20
DEBUG: AGAE - Baseline failed setup checks: realistic=True, rr=0.11026937960431267
DEBUG: AGCC - DF empty after target_date filter
DEBUG: UNK RR Debug: entry=5.71, stop=0.75, exit=6.65, atr=0.32, mult=15.73, risk=4.96, reward=0.95
DEBUG: AG - Baseline failed setup checks: realistic=True, rr=0.19067952244041347
DEBUG: UNK RR Debug: entry=99.12, stop=-378.49, exit=107.67, atr=2.85, mult=167.64, risk=477.61, reward=8.55
DEBUG: AGCO - Baseline failed setup checks: realistic=True, rr=0.017895296659782175
DEBUG: AGFS - Data too stale: 2023-03-31 00:00:00
DEBUG: AGH - DF empty after target_date filter
DEBUG: UNK RR Debug: entry=3.41, stop=-33.97, exit=4.31, atr=0.30, mult=123.63, risk=37.38, reward=0.91
DEBUG: AGEN - Baseline failed setup checks: realistic=True, rr=0.02426509872314758
DEBUG: UNK RR Debug: entry=33.50, stop=-39.81, exit=39.98, atr=2.16, mult=33.93, risk=73.31, reward=6.48
DEBUG: AGIO - Baseline failed setup checks: realistic=True, rr=0.08842221983599305
DEBUG: UNK RR Debug: entry=2.96, stop=-48.75, exit=3.72, atr=0.25, mult=204.32, risk=51.71, reward=0.76
DEBUG: AGL - Baseline failed setup checks: realistic=False, rr=0.014682722827806647
DEBUG: UNK RR Debug: entry=19.57, stop=-85.46, exit=21.28, atr=0.57, mult=183.87, risk=105.03, reward=1.71
DEBUG: AGI - Baseline failed setup checks: realistic=True, rr=0.016315938300810247
DEBUG: UNK RR Debug: entry=193.34, stop=132.89, exit=207.00, atr=4.56, mult=13.27, risk=60.44, reward=13.67
DEBUG: AGM - Baseline failed setup checks: realistic=True, rr=0.2261316945482954
DEBUG: UNK RR Debug: entry=1.35, stop=-2.44, exit=1.78, atr=0.13, mult=30.35, risk=3.80, reward=0.43
DEBUG: AGMH - Baseline failed setup checks: realistic=True, rr=0.11218476346146941
DEBUG: UNK RR Debug: entry=24.48, stop=16.46, exit=25.79, atr=0.29, mult=27.33, risk=8.02, reward=1.31
DEBUG: AGNCL - Baseline failed setup checks: realistic=True, rr=0.16398620511166043
DEBUG: UNK RR Debug: entry=25.21, stop=23.14, exit=25.69, atr=0.16, mult=12.88, risk=2.07, reward=0.48
DEBUG: AGNCM - Baseline failed setup checks: realistic=True, rr=0.23294204480529948
DEBUG: UNK RR Debug: entry=25.76, stop=23.53, exit=26.27, atr=0.17, mult=12.88, risk=2.23, reward=0.52
DEBUG: AGNCN - Baseline failed setup checks: realistic=True, rr=0.23294204480530048
DEBUG: UNK RR Debug: entry=25.34, stop=22.10, exit=25.69, atr=0.12, mult=27.33, risk=3.24, reward=0.36
DEBUG: AGNCO - Baseline failed setup checks: realistic=True, rr=0.1097756633914186
DEBUG: UNK RR Debug: entry=24.71, stop=22.77, exit=25.16, atr=0.15, mult=12.88, risk=1.94, reward=0.45
DEBUG: AGNCP - Baseline failed setup checks: realistic=True, rr=0.23294204480529915
DEBUG: UNK RR Debug: entry=9.51, stop=-12.21, exit=9.97, atr=0.15, mult=140.69, risk=21.72, reward=0.46
DEBUG: AGNC - Baseline failed setup checks: realistic=True, rr=0.02132325293621449
DEBUG: UNK RR Debug: entry=1.30, stop=-30.15, exit=3.06, atr=0.31, mult=101.39, risk=31.45, reward=1.76
DEBUG: AGPU - Baseline failed setup checks: realistic=True, rr=0.05593262287957935
DEBUG: UNK RR Debug: entry=90.73, stop=-183.03, exit=95.63, atr=1.63, mult=167.44, risk=273.76, reward=4.90
DEBUG: AGO - Baseline failed setup checks: realistic=True, rr=0.017916355895216556
DEBUG: AGRZ - DF empty after target_date filter
DEBUG: AGTC - Data too stale: 2022-12-01 00:00:00
DEBUG: UNK RR Debug: entry=9.68, stop=5.50, exit=10.53, atr=0.28, mult=14.80, risk=4.18, reward=0.85
DEBUG: AGRO - Baseline failed setup checks: realistic=True, rr=0.20276871792543996
DEBUG: UNK RR Debug: entry=172.35, stop=-1472.92, exit=199.16, atr=8.94, mult=184.13, risk=1645.27, reward=26.81
DEBUG: AGX - Baseline failed setup checks: realistic=True, rr=0.016292941880589037
DEBUG: UNK RR Debug: entry=100.67, stop=-76.60, exit=139.65, atr=7.44, mult=23.81, risk=177.27, reward=38.98
DEBUG: AGYS - Baseline failed setup checks: realistic=True, rr=0.21988722169054428
DEBUG: UNK RR Debug: entry=1.42, stop=-15.21, exit=2.35, atr=0.22, mult=77.32, risk=16.64, reward=0.93
DEBUG: AHG - Baseline failed setup checks: realistic=True, rr=0.055770619915236755
DEBUG: UNK RR Debug: entry=10.26, stop=3.18, exit=11.55, atr=0.43, mult=16.47, risk=7.08, reward=1.29
DEBUG: AHCO - Baseline failed setup checks: realistic=True, rr=0.1821285187751824
DEBUG: AHL - DF empty after target_date filter
DEBUG: AHMA - DF empty after target_date filter
DEBUG: UNK RR Debug: entry=27.98, stop=-133.90, exit=30.35, atr=0.79, mult=205.40, risk=161.89, reward=2.36
DEBUG: AHR - Baseline failed setup checks: realistic=True, rr=0.014605696439980225
DEBUG: AHRNU - Data too stale: 2023-06-16 00:00:00
DEBUG: UNK RR Debug: entry=9.80, stop=6.13, exit=10.57, atr=0.26, mult=14.34, risk=3.67, reward=0.77
DEBUG: AHH - Baseline failed setup checks: realistic=True, rr=0.20915665354305904
DEBUG: UNK RR Debug: entry=32.96, stop=7.38, exit=39.86, atr=2.30, mult=11.12, risk=25.58, reward=6.90
DEBUG: AI - Baseline failed setup checks: realistic=True, rr=0.2696726890476818
DEBUG: AIFE - DF empty after target_date filter
DEBUG: AIFER - DF empty after target_date filter
DEBUG: UNK RR Debug: entry=8.50, stop=-9.70, exit=10.51, atr=0.67, mult=27.21, risk=18.20, reward=2.01
DEBUG: AHT - Baseline failed setup checks: realistic=True, rr=0.11026937960431268
DEBUG: AIFU - DF empty after target_date filter
DEBUG: UNK RR Debug: entry=3.32, stop=-44.79, exit=5.80, atr=0.57, mult=84.86, risk=48.11, reward=2.48
DEBUG: AIFF - Baseline failed setup checks: realistic=True, rr=0.051602488076843735
DEBUG: UNK RR Debug: entry=0.89, stop=-1.03, exit=1.15, atr=0.07, mult=27.55, risk=1.92, reward=0.26
DEBUG: AIHS - Baseline failed setup checks: realistic=True, rr=0.1334859635881352
DEBUG: AII - DF empty after target_date filter
DEBUG: AIIA - DF empty after target_date filter
DEBUG: UNK RR Debug: entry=0.73, stop=-0.58, exit=1.08, atr=0.12, mult=11.24, risk=1.31, reward=0.35
DEBUG: AIIO - Baseline failed setup checks: realistic=True, rr=0.266917482954498
DEBUG: UNK RR Debug: entry=0.03, stop=-0.26, exit=0.05, atr=0.01, mult=43.36, risk=0.29, reward=0.02
DEBUG: AIIOW - Baseline failed setup checks: realistic=True, rr=0.07279859612426222
DEBUG: AILE - Data too stale: 2024-04-17 00:00:00
DEBUG: UNK RR Debug: entry=73.80, stop=-100.95, exit=77.99, atr=1.40, mult=124.96, risk=174.74, reward=4.20
DEBUG: AIG - Baseline failed setup checks: realistic=True, rr=0.024008242641384073
DEBUG: UNK RR Debug: entry=0.15, stop=-0.67, exit=0.24, atr=0.03, mult=27.21, risk=0.82, reward=0.09
DEBUG: AIMDW - Baseline failed setup checks: realistic=False, rr=0.11026937960431271
DEBUG: UNK RR Debug: entry=0.65, stop=-9.86, exit=1.00, atr=0.11, mult=95.74, risk=10.50, reward=0.35
DEBUG: AIMD - Baseline failed setup checks: realistic=True, rr=0.033534882842792976
DEBUG: UNK RR Debug: entry=24.25, stop=-61.42, exit=26.14, atr=0.63, mult=136.11, risk=85.68, reward=1.89
DEBUG: AIO - Baseline failed setup checks: realistic=True, rr=0.0220404954012171
DEBUG: UNK RR Debug: entry=81.07, stop=-290.04, exit=87.71, atr=2.21, mult=167.70, risk=371.11, reward=6.64
DEBUG: AIN - Baseline failed setup checks: realistic=True, rr=0.01788943218236079
DEBUG: UNK RR Debug: entry=11.61, stop=-117.47, exit=13.73, atr=0.71, mult=182.37, risk=129.08, reward=2.12
DEBUG: AIP - Baseline failed setup checks: realistic=True, rr=0.016449780181846084
DEBUG: UNK RR Debug: entry=6.12, stop=-2.58, exit=7.33, atr=0.40, mult=21.67, risk=8.70, reward=1.21
DEBUG: AIOT - Baseline failed setup checks: realistic=True, rr=0.13846714722198436
DEBUG: UNK RR Debug: entry=1.77, stop=-27.38, exit=4.49, atr=0.33, mult=87.12, risk=29.15, reward=2.72
DEBUG: AIRE - Baseline failed setup checks: realistic=True, rr=0.09333060255354327
DEBUG: UNK RR Debug: entry=7.38, stop=-5.42, exit=8.86, atr=0.49, mult=26.04, risk=12.81, reward=1.48
DEBUG: AIRG - Baseline failed setup checks: realistic=True, rr=0.11521602133773955
DEBUG: UNK RR Debug: entry=8.57, stop=-33.01, exit=11.36, atr=0.93, mult=44.81, risk=41.58, reward=2.78
DEBUG: AIRJ - Baseline failed setup checks: realistic=True, rr=0.06695115851296349
DEBUG: UNK RR Debug: entry=1.23, stop=-5.00, exit=1.90, atr=0.22, mult=27.81, risk=6.23, reward=0.67
DEBUG: AIRJW - Baseline failed setup checks: realistic=True, rr=0.10788338004943007
DEBUG: AIRO - DF empty after target_date filter
DEBUG: UNK RR Debug: entry=5.26, stop=-0.99, exit=6.90, atr=0.55, mult=11.38, risk=6.24, reward=1.65
DEBUG: AIRS - Baseline failed setup checks: realistic=True, rr=0.26362011591799395
DEBUG: UNK RR Debug: entry=69.26, stop=-267.63, exit=75.45, atr=2.06, mult=163.30, risk=336.89, reward=6.19
DEBUG: AIR - Baseline failed setup checks: realistic=True, rr=0.01837055842010549
DEBUG: UNK RR Debug: entry=19.98, stop=-2.27, exit=22.40, atr=0.81, mult=27.55, risk=22.25, reward=2.42
DEBUG: AIRT - Baseline failed setup checks: realistic=True, rr=0.10889969870190679
DEBUG: UNK RR Debug: entry=17.12, stop=13.98, exit=17.78, atr=0.22, mult=14.26, risk=3.15, reward=0.66
DEBUG: AIRTP - Baseline failed setup checks: realistic=True, rr=0.2104038434873335
DEBUG: UNK RR Debug: entry=1.79, stop=-25.62, exit=3.00, atr=0.39, mult=71.04, risk=27.41, reward=1.21
DEBUG: AISPW - Baseline failed setup checks: realistic=True, rr=0.04427322093445628
DEBUG: UNK RR Debug: entry=5.26, stop=-55.68, exit=7.66, atr=0.76, mult=79.79, risk=60.94, reward=2.40
DEBUG: AISP - Baseline failed setup checks: realistic=True, rr=0.03934677563951628
DEBUG: UNK RR Debug: entry=8.97, stop=-6.16, exit=9.71, atr=0.25, mult=60.58, risk=15.13, reward=0.75
DEBUG: AIV - Baseline failed setup checks: realistic=True, rr=0.04952046462571881
DEBUG: UNK RR Debug: entry=255.53, stop=-233.75, exit=273.24, atr=5.90, mult=82.86, risk=489.28, reward=17.71
DEBUG: AIT - Baseline failed setup checks: realistic=True, rr=0.036204681370897614
DEBUG: UNK RR Debug: entry=5.45, stop=-8.49, exit=7.07, atr=0.54, mult=25.88, risk=13.94, reward=1.62
DEBUG: AIXI - Baseline failed setup checks: realistic=True, rr=0.11592116307419838
DEBUG: UNK RR Debug: entry=4.14, stop=-7.95, exit=5.01, atr=0.29, mult=41.88, risk=12.09, reward=0.87
DEBUG: AIXC - Baseline failed setup checks: realistic=True, rr=0.07163322248857612
DEBUG: UNK RR Debug: entry=20.28, stop=5.44, exit=21.82, atr=0.52, mult=28.79, risk=14.84, reward=1.55
DEBUG: AIZN - Baseline failed setup checks: realistic=True, rr=0.10421906778402881
DEBUG: UNK RR Debug: entry=208.32, stop=147.56, exit=220.55, atr=4.08, mult=14.91, risk=60.76, reward=12.23
DEBUG: AIZ - Baseline failed setup checks: realistic=True, rr=0.20125916051685033
DEBUG: AJXA - Data too stale: 2024-04-29 00:00:00
DEBUG: UNK RR Debug: entry=17.69, stop=0.00, exit=22.50, atr=1.60, mult=11.03, risk=17.69, reward=4.81
DEBUG: AKA - Baseline failed setup checks: realistic=True, rr=0.2718712454453541
DEBUG: UNK RR Debug: entry=291.27, stop=-341.04, exit=307.18, atr=5.30, mult=119.26, risk=632.32, reward=15.91
DEBUG: AJG - Baseline failed setup checks: realistic=True, rr=0.025155621243016096
DEBUG: UNK RR Debug: entry=1.60, stop=-2.06, exit=2.01, atr=0.13, mult=27.21, risk=3.67, reward=0.40
DEBUG: AKAN - Baseline failed setup checks: realistic=True, rr=0.11026937960431275
DEBUG: UNK RR Debug: entry=92.71, stop=-186.99, exit=99.53, atr=2.27, mult=123.14, risk=279.71, reward=6.81WARNING:root:File not found: /workspaces/BlueHorseshoe/src/historical_data/StockPrice-ALEC.json

DEBUG: AKAM - Baseline failed setup checks: realistic=True, rr=0.0243626306866332
DEBUG: UNK RR Debug: entry=2.09, stop=-17.94, exit=2.41, atr=0.11, mult=183.32, risk=20.03, reward=0.33
DEBUG: AKBA - Baseline failed setup checks: realistic=True, rr=0.016364631270259326
DEBUG: UNK RR Debug: entry=1.23, stop=-2.55, exit=1.64, atr=0.14, mult=27.81, risk=3.78, reward=0.41
DEBUG: AKTX - Baseline failed setup checks: realistic=True, rr=0.10788338004943006
DEBUG: AKUS - Data too stale: 2023-01-03 00:00:00
DEBUG: UNK RR Debug: entry=22.68, stop=14.51, exit=24.47, atr=0.52, mult=15.81, risk=8.17, reward=1.79
DEBUG: AKR - Baseline failed setup checks: realistic=True, rr=0.21923169812112914
DEBUG: UNK RR Debug: entry=2.86, stop=-52.26, exit=3.61, atr=0.25, mult=220.57, risk=55.13, reward=0.75
DEBUG: AKYA - Baseline failed setup checks: realistic=True, rr=0.013600905445343267
DEBUG: UNK RR Debug: entry=128.71, stop=-405.16, exit=154.57, atr=8.62, mult=61.94, risk=533.87, reward=25.86
DEBUG: ALAB - Baseline failed setup checks: realistic=True, rr=0.04843688689979575
DEBUG: UNK RR Debug: entry=10.41, stop=2.32, exit=12.51, atr=0.70, mult=11.53, risk=8.09, reward=2.10
DEBUG: ALAR - Baseline failed setup checks: realistic=True, rr=0.26027657631486145
DEBUG: UNK RR Debug: entry=46.86, stop=-34.67, exit=50.49, atr=1.21, mult=67.30, risk=81.52, reward=3.63
DEBUG: AL - Baseline failed setup checks: realistic=True, rr=0.04457748050866269
DEBUG: UNK RR Debug: entry=3.55, stop=-16.67, exit=4.95, atr=0.47, mult=43.36, risk=20.22, reward=1.40
DEBUG: ALBT - Baseline failed setup checks: realistic=True, rr=0.06919370159190227
DEBUG: UNK RR Debug: entry=85.61, stop=-86.44, exit=89.75, atr=1.38, mult=124.54, risk=172.04, reward=4.14
DEBUG: ALC - Baseline failed setup checks: realistic=True, rr=0.02408955922192698
DEBUG: UNK RR Debug: entry=92.43, stop=43.86, exit=103.76, atr=3.78, mult=12.85, risk=48.56, reward=11.34
DEBUG: ALB - Baseline failed setup checks: realistic=True, rr=0.23344011118753938
DEBUG: UNK RR Debug: entry=11.04, stop=9.62, exit=11.16, atr=0.04, mult=32.80, risk=1.41, reward=0.13
DEBUG: ALCY - Baseline failed setup checks: realistic=True, rr=0.09145398526067376
DEBUG: UNK RR Debug: entry=10.98, stop=9.73, exit=11.07, atr=0.03, mult=43.59, risk=1.25, reward=0.09
DEBUG: ALCYU - Baseline failed setup checks: realistic=True, rr=0.06882331551161308
DEBUG: UNK RR Debug: entry=0.10, stop=-0.05, exit=0.11, atr=0.00, mult=43.59, risk=0.14, reward=0.01
DEBUG: ALCYW - Baseline failed setup checks: realistic=True, rr=0.0688233155116133
DEBUG: ALDF - Insufficient data: 25
DEBUG: ALDFU - Baseline failed setup checks: realistic=True, rr=0.5212171737237383
DEBUG: ALDFW - Insufficient data: 25
DEBUG: UNK RR Debug: entry=30.73, stop=-52.24, exit=34.87, atr=1.38, mult=60.13, risk=82.97, reward=4.14
DEBUG: ALCO - Baseline failed setup checks: realistic=True, rr=0.0498903818973574
DEBUG: UNK RR Debug: entry=4.93, stop=-34.22, exit=5.77, atr=0.28, mult=140.11, risk=39.15, reward=0.84
DEBUG: ALDX - Baseline failed setup checks: realistic=True, rr=0.021412471243953485
DEBUG: UNK RR Debug: entry=1.76, stop=-20.26, exit=2.25, atr=0.16, mult=135.59, risk=22.02, reward=0.49
DEBUG: ALEC - Baseline failed setup checks: realistic=True, rr=0.022125968796532027
DEBUG: UNK RR Debug: entry=10.13, stop=9.70, exit=10.18, atr=0.02, mult=27.51, risk=0.43, reward=0.05
DEBUG: ALF - Baseline failed setup checks: realistic=True, rr=0.10906054619677585
DEBUG: UNK RR Debug: entry=10.21, stop=9.26, exit=10.30, atr=0.02, mult=43.59, risk=0.95, reward=0.09
DEBUG: ALFUU - Baseline failed setup checks: realistic=True, rr=0.09882635849935574
DEBUG: UNK RR Debug: entry=0.12, stop=-0.30, exit=0.15, atr=0.01, mult=43.36, risk=0.42, reward=0.03
DEBUG: ALFUW - Baseline failed setup checks: realistic=True, rr=0.06919370159190225
DEBUG: UNK RR Debug: entry=17.52, stop=12.55, exit=18.55, atr=0.34, mult=14.45, risk=4.97, reward=1.03
DEBUG: ALEX - Baseline failed setup checks: realistic=True, rr=0.20756608665266124
DEBUG: UNK RR Debug: entry=24.11, stop=-160.87, exit=27.06, atr=0.99, mult=187.66, risk=184.98, reward=2.96
DEBUG: ALGM - Baseline failed setup checks: realistic=True, rr=0.015986603465366376
DEBUG: UNK RR Debug: entry=181.69, stop=109.11, exit=195.62, atr=4.10, mult=17.69, risk=72.57, reward=13.94
DEBUG: ALG - Baseline failed setup checks: realistic=True, rr=0.19207182842878648
DEBUG: UNK RR Debug: entry=34.18, stop=-172.22, exit=46.80, atr=4.10, mult=50.30, risk=206.41, reward=12.62
DEBUG: ALGS - Baseline failed setup checks: realistic=True, rr=0.06112807131023593
DEBUG: UNK RR Debug: entry=221.54, stop=-421.44, exit=244.83, atr=7.76, mult=82.81, risk=642.97, reward=23.29
DEBUG: ALGN - Baseline failed setup checks: realistic=True, rr=0.03622655072145713
DEBUG: ALH - DF empty after target_date filter
DEBUG: UNK RR Debug: entry=13.76, stop=-102.61, exit=15.72, atr=0.65, mult=178.68, risk=116.37, reward=1.95
DEBUG: ALHC - Baseline failed setup checks: realistic=True, rr=0.016790226500477384
DEBUG: ALIS - DF empty after target_date filter
DEBUG: ALISR - DF empty after target_date filter
DEBUG: ALISU - DF empty after target_date filter
DEBUG: UNK RR Debug: entry=6.85, stop=-20.26, exit=7.43, atr=0.19, mult=139.48, risk=27.11, reward=0.58
DEBUG: ALIT - Baseline failed setup checks: realistic=True, rr=0.021507920722442456
DEBUG: UNK RR Debug: entry=101.59, stop=-642.98, exit=113.74, atr=4.05, mult=183.90, risk=744.57, reward=12.15
DEBUG: ALGT - Baseline failed setup checks: realistic=True, rr=0.016313500360458342
DEBUG: UNK RR Debug: entry=67.04, stop=-60.66, exit=73.27, atr=2.08, mult=61.50, risk=127.71, reward=6.23
DEBUG: ALK - Baseline failed setup checks: realistic=True, rr=0.048784397111106846
DEBUG: UNK RR Debug: entry=29.43, stop=-31.58, exit=31.64, atr=0.73, mult=83.12, risk=61.02, reward=2.20
DEBUG: ALKS - Baseline failed setup checks: realistic=True, rr=0.03609164451369161
DEBUG: ALKSV - Data too stale: 2023-11-15 00:00:00
DEBUG: UNK RR Debug: entry=35.42, stop=16.33, exit=40.39, atr=1.47, mult=13.01, risk=19.09, reward=4.97
DEBUG: ALKT - Baseline failed setup checks: realistic=True, rr=0.26032645367812407
DEBUG: UNK RR Debug: entry=131.77, stop=-180.60, exit=139.29, atr=2.51, mult=124.66, risk=312.38, reward=7.52
DEBUG: ALLE - Baseline failed setup checks: realistic=True, rr=0.024064712299846813
DEBUG: UNK RR Debug: entry=187.97, stop=115.55, exit=202.59, atr=4.88, mult=14.85, risk=72.41, reward=14.63
DEBUG: ALL - Baseline failed setup checks: realistic=True, rr=0.20200390842038699
DEBUG: UNK RR Debug: entry=1.94, stop=-2.92, exit=2.44, atr=0.17, mult=29.12, risk=4.86, reward=0.50
DEBUG: ALLO - Baseline failed setup checks: realistic=True, rr=0.10301132733497982
DEBUG: UNK RR Debug: entry=1.03, stop=-7.23, exit=1.72, atr=0.13, mult=62.12, risk=8.26, reward=0.69
DEBUG: ALLR - Baseline failed setup checks: realistic=True, rr=0.08294003326750417
DEBUG: UNK RR Debug: entry=37.23, stop=-76.29, exit=41.49, atr=1.23, mult=92.31, risk=113.52, reward=4.26
DEBUG: ALLY - Baseline failed setup checks: realistic=True, rr=0.03752096378187109
DEBUG: UNK RR Debug: entry=7.47, stop=-45.22, exit=9.29, atr=0.61, mult=86.56, risk=52.68, reward=1.83
DEBUG: ALLT - Baseline failed setup checks: realistic=True, rr=0.034659928710680465
DEBUG: UNK RR Debug: entry=7.52, stop=-13.16, exit=9.57, atr=0.68, mult=30.21, risk=20.67, reward=2.05
DEBUG: ALMS - Baseline failed setup checks: realistic=True, rr=0.09931974689987591
DEBUG: UNK RR Debug: entry=25.43, stop=-133.98, exit=28.40, atr=0.99, mult=160.86, risk=159.41, reward=2.97
DEBUG: ALNT - Baseline failed setup checks: realistic=True, rr=0.018650039318790827
DEBUG: ALOR - Data too stale: 2023-11-14 00:00:00
DEBUG: ALORU - Data too stale: 2023-11-14 00:00:00
DEBUG: ALORW - Data too stale: 2023-11-14 00:00:00
DEBUG: UNK RR Debug: entry=252.44, stop=-1394.65, exit=281.71, atr=9.76, mult=168.80, risk=1647.09, reward=29.27
DEBUG: ALNY - Baseline failed setup checks: realistic=True, rr=0.017772138938832567
DEBUG: ALPS - Data too stale: 2023-07-20 00:00:00
DEBUG: UNK RR Debug: entry=12.15, stop=6.43, exit=13.98, atr=0.61, mult=9.36, risk=5.72, reward=1.83
DEBUG: ALOT - Baseline failed setup checks: realistic=True, rr=0.3203603909493214WARNING:root:File not found: /workspaces/BlueHorseshoe/src/historical_data/StockPrice-ALRS.json
WARNING:root:File not found: /workspaces/BlueHorseshoe/src/historical_data/StockPrice-ALUR.json
WARNING:root:File not found: /workspaces/BlueHorseshoe/src/historical_data/StockPrice-AMBP.json
